Iteration	Posterior	Likelihood	Prior	rate_log_sd	rate_loss	rate_neo	tree_length
0	-2683.421	-3303.141	619.7208	1.556603	1.669583	0.6382196	3.951058
6	-2682.298	-3301.302	619.004	1.556603	1.488841	0.6665589	4.408637
12	-2707.415	-3327.294	619.8791	1.556603	2.323684	0.5167212	3.742435
18	-2713.226	-3333.868	620.6411	1.823831	1.662175	0.6582892	3.248004
24	-2705.72	-3326.41	620.6896	1.733792	1.903257	0.7598349	3.102944
30	-2684.934	-3306.372	621.4377	1.823831	1.276166	0.6582892	2.945354
36	-2682.04	-3302.574	620.5335	1.823831	1.728673	0.8810084	3.124426
42	-2677.408	-3297.875	620.4674	1.725451	1.913288	0.5929446	3.367799
48	-2665.738	-3286.438	620.7	1.750067	1.913288	0.5550141	3.249813
54	-2669.595	-3289.679	620.0831	1.75116	1.488975	0.8071583	3.579272
60	-2688.736	-3308.871	620.135	1.69537	1.44013	0.842191	3.579272
66	-2675.909	-3296.376	620.467	1.666475	1.628349	0.5482577	3.549488
72	-2685.772	-3305.897	620.1258	1.633607	1.658138	0.7610879	3.58524
78	-2677.379	-3297.907	620.5273	1.691503	1.741072	0.5416058	3.46167
84	-2685.912	-3306.455	620.5431	1.61652	1.781995	0.5416058	3.480726
90	-2666.485	-3287.125	620.6398	1.748985	1.26256	0.6439971	3.480726
96	-2669.143	-3288.204	619.0612	1.602112	1.311527	0.8198145	4.320197
102	-2675.161	-3294.884	619.7236	1.625045	2.259417	0.5689875	3.765126
108	-2687.761	-3307.414	619.6528	1.631592	2.259417	0.6126805	3.765126
114	-2692.957	-3312.485	619.5279	1.698134	1.695009	0.6747872	3.942141
120	-2688.294	-3309.802	621.5082	1.857484	1.510689	0.5748048	2.844077
126	-2690.353	-3311.326	620.972	1.740506	1.45079	0.630625	3.213484
132	-2682.107	-3302.34	620.2329	1.465324	1.798323	0.5357075	3.747769
138	-2674.197	-3294.789	620.5927	1.511899	1.373321	0.5357075	3.686409
144	-2698.954	-3319.596	620.6425	1.644426	1.259127	0.8720018	3.377433
150	-2709.87	-3328.204	618.3333	1.452025	1.512087	0.7362496	4.783246
156	-2711.461	-3330.798	619.3364	1.510217	1.382508	0.6985744	4.268677
162	-2685.875	-3305.869	619.9947	1.538927	1.285769	0.6877259	3.929801
168	-2689.64	-3309.748	620.1074	1.635733	1.467274	0.5217466	3.86602
174	-2702.859	-3322.403	619.5437	1.370408	2.296324	0.4861128	4.078647
180	-2698.23	-3316.512	618.2817	1.655295	1.451918	0.3096787	5.116356
186	-2668.818	-3285.825	617.007	1.696558	1.327481	0.3840627	5.761963
192	-2672.58	-3292.78	620.1992	1.561799	1.278846	0.6157797	3.859237
198	-2658.425	-3277.805	619.3798	1.405848	1.605334	0.5011787	4.373386
204	-2651.663	-3271.102	619.4386	1.418252	1.569806	0.4702551	4.376768
210	-2672.027	-3290.932	618.905	1.351689	1.514543	0.7227739	4.52774
216	-2666.561	-3285.832	619.2714	1.381648	1.691593	0.7110523	4.24277
222	-2702.522	-3322.656	620.1337	1.62846	1.777088	0.6667919	3.608314
228	-2708.985	-3329.452	620.4672	1.643326	1.526811	0.7019311	3.477859
234	-2686.277	-3304.625	618.3481	1.427704	1.739279	0.6660729	4.751894
240	-2676.29	-3297.108	620.8187	1.681314	1.48183	0.6827704	3.28334
246	-2693.881	-3314.429	620.5479	1.681314	1.296628	0.6827704	3.526694
252	-2679.355	-3299.202	619.8464	1.44275	1.523394	0.5832492	4.047908
258	-2687.812	-3307.211	619.3983	1.598933	1.523394	0.6484536	4.161145
264	-2677.276	-3297.601	620.325	1.659524	1.348421	0.6410487	3.677285
270	-2671.747	-3291.666	619.919	1.608295	1.644583	0.5963256	3.851729
276	-2674.21	-3293.862	619.6517	1.518635	1.681224	0.5984396	4.040116
282	-2684.039	-3303.05	619.0103	1.61149	1.722996	0.7309529	4.234306
288	-2670.941	-3290.127	619.1863	1.599628	1.338087	0.7171048	4.309388
294	-2669.691	-3289.276	619.5849	1.51769	1.476357	0.7053753	4.077657
300	-2671.495	-3290.885	619.3901	1.579213	1.886871	0.5940522	4.083119
306	-2662.452	-3281.935	619.4831	1.488105	1.287728	0.4281961	4.475964
312	-2666.915	-3286.309	619.3942	1.591472	1.433034	0.6902764	4.17386
318	-2656.455	-3275.58	619.125	1.458281	1.715434	0.5821311	4.373921
324	-2667.654	-3288.212	620.5575	1.606922	1.357387	0.6613889	3.552562
330	-2658.66	-3279.316	620.6556	1.710381	1.422664	0.4931852	3.552562
336	-2662.571	-3283.003	620.4323	1.714895	1.348867	0.732133	3.512742
342	-2675.898	-3296.562	620.6637	1.714895	1.368876	0.5682443	3.500125
348	-2668.453	-3288.305	619.8526	1.660388	1.220484	0.7277384	3.943578
354	-2661.28	-3280.829	619.549	1.505493	1.602559	0.4921089	4.230921
360	-2656.667	-3277.059	620.3926	1.580035	1.047234	0.5851067	3.88227
366	-2668.863	-3289.602	620.7385	1.67234	1.361528	0.5996062	3.457536
372	-2663.883	-3284.062	620.1784	1.67234	1.870312	0.7602363	3.452546
378	-2660.031	-3280.995	620.964	1.800294	1.733202	0.6003249	3.09057
384	-2662.29	-3283.52	621.2302	2.020588	1.968864	0.7139226	2.612246
390	-2657.6	-3278.533	620.9329	1.937529	1.968864	0.5332684	2.99984
396	-2652.062	-3273.164	621.1026	1.914856	1.252566	0.7505629	3.031994
402	-2644.006	-3265.829	621.8231	2.020723	1.365385	0.6094191	2.587508
408	-2647.997	-3269.543	621.5465	2.030242	1.737474	0.6094191	2.587508
414	-2657.406	-3278.136	620.7291	2.050025	1.607244	0.8321009	2.954
420	-2646.002	-3267.913	621.911	1.852781	1.607244	0.5642227	2.567434
426	-2658.028	-3278.963	620.9355	1.953318	1.650572	0.7741737	2.911004
432	-2664.771	-3285.46	620.6889	1.835588	2.080111	0.510395	3.189521
438	-2660.708	-3281.261	620.5533	1.777761	1.761348	0.7191347	3.240929
444	-2669.043	-3288.968	619.9246	1.646611	1.761348	0.7236437	3.68176
450	-2693.608	-3312.721	619.1134	1.53296	2.083177	0.7298201	4.096027
456	-2686.359	-3306.014	619.6554	1.705214	2.083177	0.6434006	3.752153
462	-2694.968	-3315.084	620.1153	1.634266	1.62215	0.5933363	3.735111
468	-2682.77	-3302.076	619.3064	1.542013	1.71319	0.7193259	4.117645
474	-2668.633	-3289.659	621.0268	1.755929	1.199167	0.6503929	3.276173
480	-2663.528	-3284.804	621.2754	1.745273	1.129551	0.4982967	3.307397
486	-2658.91	-3279.653	620.743	1.574644	1.129551	0.6580268	3.578699
492	-2670.568	-3289.743	619.1749	1.588863	1.277269	0.8107902	4.285253
498	-2674.338	-3293.152	618.8137	1.501019	1.744897	0.7984356	4.353308
504	-2675.148	-3293.493	618.3452	1.479954	1.407704	0.705419	4.826638
510	-2675.952	-3295.155	619.2021	1.446497	1.573211	0.6288719	4.353829
516	-2678.379	-3298.494	620.1147	1.465721	1.427559	0.6126983	3.897561
522	-2661.743	-3281.543	619.7992	1.572022	1.644914	0.6953628	3.862689
528	-2681.254	-3301.073	619.8191	1.707439	1.604059	0.6029572	3.862689
534	-2668.204	-3286.18	617.9762	1.652669	1.596703	0.793844	4.79764
540	-2682.76	-3302.472	619.7124	1.538823	1.926121	0.5984851	3.904627
546	-2690.041	-3310.132	620.0909	1.570856	1.452133	0.5377843	3.904627
552	-2681.321	-3301.099	619.7778	1.570856	1.916692	0.5377843	3.904627
558	-2678.483	-3296.311	617.8285	1.475707	1.841991	0.4784185	5.13545
564	-2693.756	-3312.384	618.6277	1.463014	2.19024	0.449155	4.612268
570	-2724.632	-3343.073	618.4415	1.523888	2.028067	0.7600805	4.478133
576	-2701.575	-3320.748	619.1738	1.59866	2.074139	0.6000317	4.127122
582	-2693.56	-3312.278	618.7187	1.509571	2.074139	0.7307011	4.335502
588	-2715.755	-3334.339	618.5836	1.674832	1.379329	0.9540991	4.435215
594	-2691.634	-3312.307	620.6733	1.733928	2.119971	0.5821022	3.179548
600	-2703.366	-3323.082	619.7169	1.566825	1.945239	0.7327747	3.77494
606	-2693.115	-3312.838	619.7235	1.582339	2.052574	0.7001528	3.749908
612	-2688.955	-3307.876	618.9212	1.582339	1.69834	0.6514874	4.369528
618	-2689.453	-3307.406	617.9529	1.486462	1.900441	0.6496284	4.895243
624	-2696.252	-3316.766	620.5134	1.603762	1.887693	0.6108963	3.406037
630	-2700.351	-3320.456	620.1055	1.775117	1.866567	0.8034326	3.406037
636	-2703.13	-3323.922	620.7918	1.616979	1.067446	0.5834246	3.620897
642	-2686.922	-3307.268	620.3457	1.660913	1.695882	0.5763842	3.571758
648	-2692.328	-3311.701	619.3726	1.619664	1.653665	0.7441809	4.040585
654	-2677.976	-3297.371	619.3954	1.651044	1.32134	0.9112151	4.040247
660	-2672.345	-3292.376	620.0306	1.621	1.637118	0.672477	3.721738
666	-2673.342	-3292.927	619.5853	1.691943	1.94008	0.672477	3.825487
672	-2665.267	-3285.754	620.4864	1.542049	1.456984	0.7165065	3.544727
678	-2669.735	-3290.541	620.8059	1.569251	1.277542	0.6192851	3.501597
684	-2671.619	-3292.155	620.5367	1.821877	1.277542	0.6518449	3.484745
690	-2668.134	-3289.83	621.6961	1.776427	1.171277	0.5671297	2.951262
696	-2682.624	-3302.923	620.2993	1.866713	1.53793	0.6855084	3.453278
702	-2705.364	-3326.418	621.0542	1.7946	1.093575	0.6774605	3.271815
708	-2697.778	-3319.559	621.7804	1.73652	1.093575	0.6774605	2.872733
714	-2698.121	-3320.312	622.1918	1.934028	1.379505	0.4751735	2.536024
720	-2690.347	-3312.189	621.8422	1.859351	1.250911	0.5263857	2.809312
726	-2674.672	-3296.605	621.9336	1.859351	1.136501	0.531875	2.809312
732	-2694.974	-3314.419	619.445	1.488643	1.986919	0.7872808	3.923441
738	-2709.034	-3328.327	619.2935	1.628978	1.784629	0.6590114	4.094141
744	-2702.28	-3322.153	619.8731	1.576594	1.216907	0.6522868	4.038288
750	-2699.268	-3320.331	621.0635	1.683316	0.9696648	0.7546604	3.345013
756	-2698.556	-3319.816	621.2602	1.630325	1.113841	0.5393885	3.353461
762	-2691.899	-3312.037	620.1384	1.541188	1.08959	0.6128083	4.00391
768	-2664.029	-3284.107	620.078	1.605113	1.137183	0.6822785	3.922017
774	-2670.266	-3290.187	619.9214	1.549099	1.494672	0.6620686	3.89231
780	-2671.102	-3290.697	619.5946	1.647564	1.873755	0.7374124	3.820533
786	-2678.794	-3297.688	618.8934	1.681867	1.873755	0.800238	4.158145
792	-2685.215	-3303.394	618.1783	1.608014	1.487847	0.7497318	4.78324
798	-2670.193	-3288.906	618.7132	1.444981	1.332891	0.6699338	4.699593
804	-2677.752	-3298.172	620.4199	1.591184	1.504127	0.6680105	3.571503
810	-2695.35	-3314.511	619.1611	1.517058	1.928244	0.6680105	4.175383
816	-2696.07	-3315.043	618.9737	1.482556	1.618576	0.6002182	4.4675
822	-2681.392	-3300.924	619.5321	1.522333	1.192509	0.7214787	4.223237
828	-2669.997	-3289.15	619.1528	1.554969	1.467587	0.8243015	4.223237
834	-2667.206	-3285.697	618.4905	1.481685	1.608052	0.8243015	4.581098
840	-2677.463	-3296.105	618.6421	1.447999	1.202094	0.7522475	4.739614
846	-2666.272	-3285.192	618.9204	1.497564	1.675606	0.7141272	4.379547
852	-2673.176	-3292.123	618.9471	1.386484	1.168489	0.6947112	4.6608
858	-2683.622	-3302.387	618.765	1.516566	1.562997	0.7839167	4.451647
864	-2691.889	-3310.708	618.8184	1.42012	1.562997	0.5959889	4.615238
870	-2689.064	-3307.925	618.861	1.484411	1.284821	0.6810018	4.608438
876	-2695.046	-3313.377	618.3306	1.410604	1.750261	0.901761	4.608438
882	-2693.847	-3312.937	619.0907	1.573506	1.935326	0.7596661	4.113962
888	-2674.079	-3293.579	619.5002	1.560245	1.399817	0.5951156	4.220756
894	-2678.06	-3297.001	618.9407	1.581486	1.491089	0.8317853	4.313574
900	-2674.547	-3295.098	620.5509	1.903469	1.845818	0.8298132	3.056059
906	-2672.547	-3293.873	621.3254	1.831437	1.364444	0.7015309	2.930753
912	-2666.341	-3287.457	621.1163	1.907778	1.715458	0.7055052	2.854759
918	-2682.955	-3304.198	621.243	1.814778	1.408802	0.7251554	2.951263
924	-2681.152	-3301.748	620.5965	1.83635	1.676421	0.6439225	3.272925
930	-2692.47	-3312.39	619.9196	1.736748	2.089193	0.850387	3.428529
936	-2681.187	-3301.336	620.1489	1.677137	1.449549	0.7008722	3.677151
942	-2698.375	-3318.353	619.978	1.638706	1.617941	0.8248962	3.640048
948	-2694.403	-3313.95	619.5473	1.652859	1.617941	0.8344876	3.873989
954	-2683.504	-3303.964	620.4605	1.702972	1.809788	0.7344898	3.309996
960	-2695.302	-3314.863	619.5613	1.648815	1.658335	0.7751239	3.892406
966	-2677.826	-3297.957	620.13	1.676036	1.300465	0.8020563	3.684098
972	-2665.626	-3286.307	620.6811	1.676036	1.36732	0.6360659	3.455881
978	-2682.852	-3302.952	620.0992	1.714392	1.879671	0.6383214	3.56356
984	-2672.622	-3293.524	620.9018	1.76051	1.892615	0.6323965	3.063787
990	-2671.671	-3292.295	620.6238	1.840285	1.447585	0.6554527	3.341211
996	-2679.564	-3301.117	621.553	1.794835	1.293444	0.6554527	2.887023
1002	-2674.703	-3294.897	620.1946	1.708539	1.432533	0.7676873	3.591256
1008	-2687.015	-3307.923	620.9076	1.727922	1.687509	0.6005205	3.18498
1014	-2691.703	-3312.971	621.2683	1.709642	1.113723	0.6766759	3.18498
1020	-2681.156	-3301.562	620.4054	1.709642	1.384429	0.8405257	3.439359
1026	-2685.327	-3306.064	620.7365	1.772561	1.384429	0.6424848	3.353757
1032	-2675.87	-3296.785	620.9148	1.700483	1.384429	0.6424848	3.291242
1038	-2675.004	-3295.951	620.9474	1.72914	1.336383	0.6258486	3.291242
1044	-2665.953	-3287.115	621.1616	1.662098	1.223393	0.6863086	3.211006
1050	-2671.057	-3291.992	620.935	1.841325	1.948023	0.639454	2.969469
1056	-2675.906	-3297.114	621.208	1.69953	1.520907	0.5833465	3.107328
1062	-2683.387	-3304.19	620.8023	1.59881	1.435464	0.5547001	3.468979
1068	-2666.828	-3286.395	619.567	1.59881	1.383911	0.7247981	4.067584
1074	-2673.717	-3293.89	620.1735	1.59881	1.377698	0.6617568	3.770083
1080	-2669.599	-3289.876	620.2777	1.553167	1.884477	0.6773502	3.52084
1086	-2673.085	-3293.639	620.5536	1.669152	1.294633	0.6773502	3.535615
1092	-2706.148	-3326.775	620.6262	1.741512	1.213038	0.4832088	3.660126
1098	-2693.683	-3314.467	620.7841	1.618021	1.213038	0.581898	3.549352
1104	-2686.908	-3307.26	620.3525	1.722084	1.432017	0.6003696	3.620816
1110	-2680.285	-3301.452	621.1667	1.749336	1.692881	0.6003696	3.015727
1116	-2669.863	-3290.761	620.8977	1.76083	1.97724	0.6226223	3.043816
1122	-2666.565	-3288.445	621.8802	1.812434	1.489088	0.554176	2.673222
1128	-2685.438	-3305.971	620.5326	1.772271	2.032127	0.8724767	3.049718
1134	-2675.396	-3295.452	620.0561	1.708919	1.672883	0.6395506	3.668056
1140	-2685.623	-3307.266	621.6436	1.736077	1.316712	0.5658802	2.934007
1146	-2687.099	-3307.674	620.5753	1.606829	1.900249	0.5756988	3.393737
1152	-2686.833	-3306.91	620.077	1.71746	1.650095	0.8170652	3.529251
1158	-2688.919	-3309.15	620.231	1.652337	1.594184	0.7746001	3.529251
1164	-2695.932	-3316.734	620.802	1.712742	1.435255	0.7012833	3.28098
1170	-2716.016	-3334.981	618.9652	1.475854	1.422036	0.865048	4.367497
1176	-2708.962	-3327.249	618.2873	1.486929	1.425025	0.7133029	4.841935
1182	-2709.726	-3330.423	620.6969	1.664396	1.389208	0.6103743	3.464711
1188	-2698.425	-3318.958	620.5323	1.564866	1.593742	0.5921632	3.546106
1194	-2697.051	-3317.696	620.6449	1.726107	1.445257	0.7214019	3.345927
1200	-2694.408	-3314.572	620.1645	1.724169	1.843604	0.8061152	3.407855
1206	-2694.602	-3315.568	620.9656	1.784082	1.84265	0.5455606	3.106533
1212	-2699.124	-3320.092	620.9671	1.887494	1.597799	0.8032409	2.932741
1218	-2712.665	-3333.55	620.8856	1.835533	1.842056	0.7369436	2.964355
1224	-2707.717	-3328.224	620.5066	1.724475	1.67488	0.703258	3.345589
1230	-2697.983	-3318.71	620.7268	1.856148	2.086575	0.6240487	3.049927
1236	-2679.1	-3299.757	620.6572	1.720021	1.268258	0.7892289	3.375742
1242	-2680.238	-3300.638	620.3994	1.700978	1.268258	0.7719063	3.549716
1248	-2692.084	-3311.669	619.5854	1.824643	1.605493	0.87336	3.73293
1254	-2684.481	-3305.194	620.7129	1.788747	1.328579	0.7934068	3.270444
1260	-2675.515	-3296.743	621.2281	1.844332	1.47437	0.6925042	2.937899
1266	-2681.846	-3302.293	620.4478	1.76644	1.551287	0.7357064	3.38156
1272	-2685.257	-3306.002	620.7447	1.638093	1.551287	0.5612561	3.423897
1278	-2701.836	-3321.962	620.1259	1.570931	1.411313	0.5891233	3.857524
1284	-2690.727	-3311.982	621.2551	1.820302	1.062946	0.3902532	3.425887
1290	-2688.37	-3308.284	619.9138	1.645575	1.407607	0.6881292	3.858962
1296	-2707.565	-3328.857	621.2922	1.734169	1.471612	0.6425318	3.007309
1302	-2700.403	-3321.562	621.1593	1.752501	1.396171	0.4860446	3.25156
1308	-2674.711	-3295.342	620.6309	1.676077	1.138987	0.6005567	3.626803
1314	-2687.452	-3307.458	620.0063	1.65767	1.121834	0.8502508	3.823268
1320	-2689.599	-3310.189	620.5903	1.65767	1.094439	0.5665784	3.713854
1326	-2683.824	-3303.437	619.6136	1.537181	1.526512	0.4702656	4.228015
1332	-2670.983	-3292.092	621.109	1.999383	1.927358	0.7036392	2.723326
1338	-2674.206	-3295.341	621.1349	1.862538	1.56737	0.636233	2.988165
1344	-2669.213	-3290.034	620.8215	1.79266	1.59772	0.6880725	3.162307
1350	-2676.148	-3297.075	620.9267	1.774602	2.085743	0.629803	2.974368
1356	-2675.556	-3296.274	620.7183	1.765194	1.655884	0.6517465	3.244884
1362	-2681.987	-3302.792	620.8054	1.613505	2.26104	0.4586308	3.244884
1368	-2678.089	-3298.33	620.241	1.759953	1.462931	0.668249	3.594971
1374	-2673.026	-3294.402	621.3759	1.845251	1.215486	0.7093334	2.959929
1380	-2680.086	-3300.43	620.344	1.837542	1.725834	0.7093334	3.350122
1386	-2672.955	-3293.768	620.8136	1.725154	1.558066	0.5386152	3.350122
1392	-2672.232	-3293.095	620.8622	1.710575	1.558066	0.5171911	3.350122
1398	-2675.834	-3295.883	620.0489	1.593205	1.614881	0.6061664	3.789231
1404	-2677.189	-3297.098	619.9091	1.58384	1.658448	0.6065018	3.857553
1410	-2675.118	-3294.268	619.15	1.590859	1.521453	0.7127567	4.258936
1416	-2683.196	-3303.479	620.2831	1.730435	1.453358	0.8338557	3.472307
1422	-2694.301	-3314.824	620.5235	1.635081	1.41188	0.7389608	3.472307
1428	-2703.739	-3324.281	620.5414	1.72564	1.41188	0.7377935	3.409732
1434	-2695.882	-3317.205	621.3228	1.678323	0.9688384	0.4986273	3.409732
1440	-2696.602	-3317.423	620.8215	1.670635	1.006634	0.7179979	3.499247
1446	-2705.226	-3325.237	620.0114	1.539394	1.38563	0.7541617	3.825335
1452	-2703.714	-3323.984	620.2707	1.706101	1.455082	0.8542798	3.479464
1458	-2698.382	-3319.275	620.8936	1.661453	1.090765	0.5751599	3.530243
1464	-2693.728	-3313.957	620.2296	1.591596	1.909885	0.5590278	3.615541
1470	-2691.757	-3312.901	621.1443	1.689816	1.468749	0.5098464	3.241518
1476	-2706.89	-3326.529	619.6392	1.759458	1.858207	0.8060798	3.687789
1482	-2691.807	-3312.59	620.7834	1.759458	1.222544	0.6826017	3.37987
1488	-2685.779	-3306.075	620.2959	1.695772	1.380315	0.7295795	3.590637
1494	-2690.442	-3311.056	620.6136	1.649949	1.225486	0.6491869	3.567852
1500	-2695.283	-3315.263	619.9797	1.636557	1.397119	0.6491869	3.861054
1506	-2676.533	-3297.547	621.014	1.636557	1.249306	0.5021871	3.45911
1512	-2681.013	-3300.438	619.4245	1.595654	1.580789	0.7424123	4.054704
1518	-2690.34	-3309.146	618.806	1.478198	1.580789	0.8352358	4.409198
1524	-2692.551	-3312.438	619.8868	1.64755	1.34559	0.9122642	3.748529
1530	-2683.891	-3304.666	620.775	1.661972	1.264712	0.7186927	3.393456
1536	-2678.631	-3299.347	620.7164	1.661972	1.592209	0.5774862	3.395133
1542	-2667.565	-3287.981	620.4158	1.807413	1.482923	0.9544683	3.259123
1548	-2669.636	-3291.16	621.5239	1.899716	1.315079	0.6793661	2.81079
1554	-2678.298	-3298.609	620.3109	1.781848	1.805398	0.7995987	3.30664
1560	-2671.539	-3292.114	620.5751	1.720613	1.708482	0.6872707	3.30664
1566	-2681.425	-3300.584	619.1589	1.565684	1.891247	0.8510166	4.033639
1572	-2678.798	-3297.441	618.6429	1.452701	1.587883	0.9743595	4.428136
1578	-2670.452	-3288.655	618.2032	1.38168	2.068863	0.6365436	4.76873
1584	-2671.428	-3290.443	619.0146	1.38168	1.546543	0.7718817	4.401769
1590	-2669.041	-3287.995	618.9533	1.448509	1.649802	0.6147853	4.474265
1596	-2694.028	-3314.653	620.6254	1.597966	1.322112	0.7214349	3.48874
1602	-2688.888	-3307.906	619.0173	1.539292	1.242767	0.585672	4.584585
1608	-2704.988	-3325.835	620.8465	1.690489	1.38676	0.7388914	3.26157
1614	-2699.144	-3319.906	620.7617	1.646254	1.395578	0.5505681	3.486584
1620	-2715.654	-3335.596	619.9417	1.631559	1.263716	0.8261453	3.819742
1626	-2718.606	-3338.029	619.4223	1.548056	2.072942	0.7956078	3.868094
1632	-2706.207	-3327.537	621.3299	1.785932	1.288644	0.5382466	3.131264
1638	-2692.419	-3313.425	621.0062	1.739228	1.711707	0.4673937	3.235183
1644	-2687.01	-3308.397	621.3866	1.724464	1.66494	0.521666	2.982099
1650	-2687.664	-3309.342	621.6782	1.77853	1.287605	0.6326299	2.843088
1656	-2694.257	-3315.627	621.37	1.857733	1.497951	0.5966648	2.913682
1662	-2687.262	-3308.379	621.1173	1.899944	1.825614	0.7789122	2.759965
1668	-2679.918	-3300.912	620.994	1.923246	1.405826	0.845858	2.950238
1674	-2689.674	-3311.637	621.9632	1.897005	1.688043	0.4941322	2.542489
1680	-2686.967	-3308.267	621.2999	1.833653	1.350503	0.7650024	2.903259
1686	-2700.19	-3321.348	621.1575	1.713654	1.601297	0.6833149	3.011183
1692	-2698.42	-3318.794	620.3741	1.570664	1.294864	0.661317	3.709276
1698	-2707.428	-3327.805	620.3764	1.509737	1.23795	0.9736985	3.558934
1704	-2681.537	-3301.206	619.6692	1.604276	1.482355	0.9474541	3.816802
1710	-2679.358	-3298.356	618.9985	1.641177	1.465983	0.5860748	4.437656
1716	-2678.375	-3297.619	619.2446	1.512604	1.446806	0.803745	4.217644
1722	-2672.089	-3291.19	619.1013	1.509717	1.386583	0.7407401	4.369725
1728	-2694.407	-3313.139	618.7324	1.503345	1.386583	0.8549597	4.504963
1734	-2686.935	-3304.831	617.8964	1.530586	1.787678	0.800091	4.834805
1740	-2670.652	-3290.884	620.2318	1.803101	1.558998	0.800091	3.437527
1746	-2688.837	-3309.71	620.8731	1.822577	1.320362	0.836828	3.129414
1752	-2666.868	-3287.546	620.6777	1.813379	1.793233	0.6048308	3.22586
1758	-2684.946	-3305.493	620.5471	1.729303	2.09653	0.6664008	3.19424
1764	-2685.048	-3305.317	620.2698	1.798365	1.634622	0.8218774	3.372077
1770	-2685.094	-3305.738	620.6449	1.657627	1.55914	0.7022009	3.35157
1776	-2672.977	-3293.191	620.2144	1.646323	1.641174	0.8208886	3.491572
1782	-2677.115	-3296.737	619.6216	1.558965	1.661984	0.8531389	3.855763
1788	-2667.671	-3286.119	618.4477	1.558965	1.896346	0.8224264	4.457253
1794	-2673.41	-3292.033	618.6228	1.554204	1.957208	0.6571481	4.457253
1800	-2676.599	-3296.577	619.9778	1.65371	1.911459	0.5620714	3.722056
1806	-2676.14	-3295.968	619.8283	1.734353	1.70338	0.9692925	3.546736
1812	-2705.168	-3324.932	619.7637	1.612296	1.955934	0.5584579	3.856985
1818	-2693.036	-3313.168	620.1326	1.542905	1.483653	0.6313216	3.803518
1824	-2704.434	-3323.777	619.3434	1.554933	1.736864	0.8486413	3.991764
1830	-2699.793	-3319.427	619.6345	1.509697	1.788031	0.6269137	3.991764
1836	-2702.789	-3322.846	620.0564	1.562383	2.280299	0.6214227	3.557804
1842	-2700.659	-3320.68	620.0215	1.536758	1.618011	0.5676197	3.868917
1848	-2700.476	-3320.776	620.3003	1.635897	1.144004	0.5676197	3.866324
1854	-2705.558	-3325.388	619.8303	1.472053	1.652615	0.7550754	3.855741
1860	-2683.35	-3303.95	620.6	1.785781	1.948813	0.6602246	3.185307
1866	-2684.958	-3305.265	620.3064	1.652539	2.54377	0.6955412	3.220881
1872	-2676.419	-3296.155	619.7359	1.550288	2.055075	0.6284736	3.816271
1878	-2680.588	-3299.926	619.3379	1.552529	2.055075	0.7418883	3.957214
1884	-2686.497	-3308.021	621.5245	1.714638	1.789003	0.5668859	2.812733
1890	-2686.246	-3307.289	621.0429	1.719283	1.456525	0.6895133	3.133965
1896	-2699.828	-3320.384	620.5561	1.649606	1.352284	0.712524	3.491538
1902	-2690.292	-3309.849	619.5565	1.622566	1.752316	0.5569854	4.043665
1908	-2687.338	-3306.835	619.4976	1.647748	1.670604	0.6164382	4.043665
1914	-2691.567	-3311.235	619.6676	1.671821	2.341754	0.6545758	3.67447
1920	-2683.448	-3303.507	620.0591	1.609756	1.677851	0.6900924	3.682222
1926	-2672.891	-3293.493	620.6026	1.63164	1.655413	0.5832005	3.448983
1932	-2673.409	-3292.752	619.3427	1.533633	1.363699	0.6718564	4.280249
1938	-2659.754	-3279.84	620.0864	1.551253	1.169667	0.6496821	3.956536
1944	-2669.118	-3289.026	619.9072	1.723332	1.642452	0.6564338	3.744276
1950	-2682.388	-3302.377	619.9889	1.70037	1.264631	0.6387777	3.888663
1956	-2687.203	-3307.232	620.0286	1.617087	1.264631	0.6706552	3.888663
1962	-2683.178	-3303.229	620.0504	1.69801	1.384759	0.7818138	3.692353
1968	-2677.396	-3297.538	620.1422	1.69801	1.552647	0.6009417	3.704533
1974	-2695.419	-3315.568	620.1484	1.775592	1.253429	0.6398362	3.75818
1980	-2685.107	-3306.162	621.0553	1.775592	1.082733	0.66989	3.294369
1986	-2677.176	-3297.747	620.5713	1.787936	1.576764	0.7327035	3.287849
1992	-2665.166	-3286.187	621.0209	1.776579	1.49322	0.7042901	3.08518
1998	-2664.946	-3285.396	620.4501	1.619996	1.383579	0.6371251	3.614795
2004	-2682.84	-3303.386	620.5465	1.837223	1.514116	0.8037001	3.248933
2010	-2685.278	-3304.21	618.9324	1.554609	1.532805	0.6153211	4.472073
2016	-2677.774	-3297.047	619.2733	1.529144	1.714326	0.7067934	4.152459
2022	-2671.718	-3290.2	618.4814	1.433433	1.816044	0.6515211	4.65756
2028	-2668.515	-3288.761	620.2465	1.433433	1.933707	0.6515211	3.611512
2034	-2665.829	-3284.89	619.061	1.471197	1.825533	0.511499	4.42456
2040	-2653.389	-3273.686	620.2969	1.592672	1.680775	0.4864494	3.728082
2046	-2656.386	-3275.581	619.1946	1.502473	1.680775	0.5656121	4.336704
2052	-2657.08	-3277.353	620.2735	1.548071	1.686332	0.6172246	3.648271
2058	-2654.454	-3274.464	620.0107	1.548071	1.477673	0.6172246	3.884635
2064	-2659.767	-3279.709	619.9422	1.602245	1.532689	0.7092857	3.798029
2070	-2662.91	-3283.856	620.9457	1.740323	1.69187	0.5449405	3.202876
2076	-2659.522	-3279.761	620.239	1.688727	1.634057	0.6013687	3.620501
2082	-2670.922	-3292.765	621.8435	1.739498	1.579424	0.5986523	2.659663
2088	-2676.788	-3298.574	621.7862	1.776002	1.707612	0.5539022	2.659663
2094	-2667.429	-3288.212	620.7824	1.787224	1.76427	0.7552841	3.071141
2100	-2680.26	-3300.642	620.3823	1.734966	2.266502	0.427502	3.453391
2106	-2678.914	-3298.801	619.887	1.630937	2.266502	0.4484734	3.779123
2112	-2658.182	-3278.581	620.3986	1.55875	1.928738	0.4483693	3.635744
2118	-2681.676	-3300.838	619.1618	1.55832	1.928738	0.5309769	4.264746
2124	-2660.322	-3279.46	619.1381	1.445309	1.540111	0.5745409	4.448426
2130	-2666.482	-3285.572	619.0901	1.472979	1.540111	0.5881903	4.448426
2136	-2692.851	-3312.524	619.6734	1.563893	1.540111	0.6593699	4.008976
2142	-2678.985	-3297.988	619.0023	1.576269	2.586024	0.7251797	3.988744
2148	-2686.344	-3305.646	619.3016	1.44089	2.352346	0.7887101	3.916624
2154	-2693.733	-3314.986	621.2524	1.661583	1.08264	0.5669538	3.33183
2160	-2688.003	-3305.784	617.7807	1.386498	2.351783	0.5849923	4.957154
2166	-2684.329	-3302.569	618.2407	1.499182	2.065112	0.7442003	4.603849
2172	-2685.366	-3304.951	619.5852	1.697424	1.803016	0.6114342	3.919644
2178	-2676.692	-3296.349	619.6566	1.552825	1.542622	0.6044412	4.067761
2184	-2689.437	-3309.488	620.0509	1.665272	1.542622	0.6277822	3.758163
2190	-2696.465	-3317.402	620.937	1.781664	1.245577	0.7730692	3.197046
2196	-2694.327	-3315.469	621.1421	1.688176	0.9748694	0.5481486	3.459698
2202	-2687.594	-3308.99	621.3963	1.824389	1.584451	0.5610348	2.912451
2208	-2679.704	-3300.957	621.2532	1.690277	1.649017	0.5239505	3.08672
2214	-2688.317	-3309.278	620.9614	1.951693	1.627865	0.6356004	3.013905
2220	-2685.145	-3307.113	621.9681	1.93601	1.226554	0.5050817	2.719344
2226	-2675.348	-3297.1	621.7519	1.891749	1.226554	0.6128778	2.777604
2232	-2672.822	-3294.197	621.3744	1.805407	1.296338	0.7230892	2.933276
2238	-2677.551	-3298.699	621.1478	1.785103	1.243209	0.7707266	3.07252
2244	-2686.603	-3307.005	620.4022	1.602829	1.125168	0.5892465	3.818006
2250	-2679.933	-3299.528	619.5949	1.629701	2.140581	0.799115	3.697296
2256	-2686.566	-3306.101	619.5358	1.609139	2.163084	0.6119539	3.875961
2262	-2668.563	-3288.076	619.5136	1.548406	1.260492	0.6857097	4.212169
2268	-2662.875	-3282.637	619.7614	1.648334	1.551238	0.8577671	3.765219
2274	-2676.631	-3296.742	620.1116	1.682705	1.360742	0.8577671	3.625685
2280	-2682.707	-3302.615	619.9083	1.639761	1.753793	0.6628731	3.744013
2286	-2683.417	-3303.111	619.6946	1.645336	1.787197	0.8122329	3.743482
2292	-2686.081	-3306.957	620.876	1.66241	1.604776	0.7143016	3.1841
2298	-2674.647	-3294.492	619.8444	1.638353	1.575361	0.8485456	3.719199
2304	-2675.213	-3295.931	620.718	1.8101	1.585745	0.8485456	3.102155
2310	-2670.578	-3291.075	620.497	1.788236	1.497494	0.9678603	3.207887
2316	-2660.648	-3281.007	620.3591	1.789693	2.132728	0.7311005	3.207887
2322	-2662.443	-3283.092	620.6483	1.756626	1.378991	0.7022808	3.37037
2328	-2687.461	-3308.246	620.7855	1.777053	1.774628	0.7827469	3.051451
2334	-2678.761	-3299.415	620.6541	1.725003	1.972128	0.572798	3.254919
2340	-2680.571	-3301.059	620.4886	1.593215	1.449187	0.6838117	3.541853
2346	-2675.041	-3293.552	618.5111	1.645435	1.601044	0.9970262	4.375638
2352	-2671.432	-3291.698	620.2662	1.736322	1.715227	0.7088872	3.459521
2358	-2662.648	-3282.722	620.0744	1.736322	1.468714	0.9262855	3.524577
2364	-2658.879	-3279.585	620.7061	1.863453	1.468714	0.9308092	3.074397
2370	-2659.893	-3280.611	620.7181	1.913955	1.673035	0.8616294	2.995242
2376	-2660.454	-3280.574	620.1206	1.750883	1.489073	0.9167429	3.486188
2382	-2655.782	-3275.732	619.9502	1.700704	1.494236	0.8266688	3.670244
2388	-2653.449	-3273.129	619.6799	1.819362	1.983264	0.8118234	3.581656
2394	-2681.217	-3301.64	620.4234	1.595857	1.494001	0.6401068	3.593275
2400	-2678.058	-3297.535	619.4775	1.677081	1.595589	0.7961856	3.934582
2406	-2680.065	-3299.644	619.5788	1.583908	1.397793	0.7924233	4.015811
2412	-2682.013	-3301.435	619.4216	1.57409	1.472755	0.889076	4.015811
2418	-2678.176	-3297.465	619.2885	1.608151	1.472755	0.7387752	4.172125
2424	-2679.193	-3299.418	620.225	1.668529	1.704802	0.7387752	3.505025
2430	-2683.018	-3303.04	620.0224	1.74166	1.835305	0.7755461	3.505025
2436	-2699.517	-3320.461	620.9447	1.94774	2.073401	0.7771158	2.746827
2442	-2684.346	-3305.049	620.7034	1.805651	1.812432	0.7208613	3.114598
2448	-2674.919	-3295.472	620.5531	1.654555	1.390098	0.7208613	3.466853
2454	-2694.549	-3313.779	619.2296	1.576495	1.267267	0.7016279	4.342047
2460	-2683.265	-3305.023	621.7573	1.752084	1.61752	0.526189	2.756164
2466	-2695.77	-3316.674	620.9042	1.622922	1.592889	0.7050984	3.202722
2472	-2694.244	-3314.599	620.3548	1.474923	1.3341	0.649212	3.766822
2478	-2675.228	-3294.864	619.6357	1.537932	1.477882	0.6649152	4.066957
2484	-2672.112	-3292.73	620.6183	1.678969	1.296646	0.6244817	3.533525
2490	-2669.712	-3290.241	620.529	1.642125	1.32184	0.5283009	3.678438
2496	-2663.769	-3284.371	620.6024	1.79093	1.720802	0.5575843	3.352677
2502	-2675.163	-3295.829	620.6657	1.738436	1.519472	0.6416342	3.356356
2508	-2672.941	-3293.453	620.5116	1.726974	1.482032	0.7723611	3.37038
2514	-2681.041	-3301.146	620.1047	1.682124	1.263565	0.8808985	3.660991
2520	-2673.477	-3294.147	620.6699	1.72825	1.762211	0.7495928	3.178173
2526	-2681.613	-3301.715	620.1024	1.654911	1.808776	0.7324909	3.549618
2532	-2685.366	-3305.676	620.3097	1.637273	1.806477	0.5937245	3.549618
2538	-2689.414	-3308.923	619.5098	1.62564	1.806477	0.6746241	3.95257
2544	-2679.257	-3298.902	619.6449	1.539757	1.426646	0.8498296	3.95257
2550	-2683.464	-3301.955	618.4909	1.539757	1.819155	0.8073489	4.480693
2556	-2664.721	-3284.801	620.08	1.60407	1.819155	0.6611485	3.642482
2562	-2669.525	-3289.438	619.9127	1.610067	1.82669	0.7563951	3.661927
2568	-2669.316	-3289.169	619.853	1.466772	1.442129	0.5852928	4.063072
2574	-2679.176	-3297.674	618.4984	1.39958	1.442129	0.5662098	4.879862
2580	-2692.222	-3313.036	620.8144	1.577646	1.253647	0.4851834	3.62399
2586	-2700.943	-3321.1	620.1564	1.588178	1.70198	0.8828873	3.494617
2592	-2698.727	-3317.933	619.2054	1.479076	1.5382	0.8195894	4.210159
2598	-2696.619	-3315.528	618.9088	1.324031	1.421963	0.7158308	4.584942
2604	-2695.214	-3315.696	620.4822	1.67103	1.229139	0.671226	3.612712
2610	-2696.244	-3316.653	620.4091	1.64164	1.626172	0.6700895	3.496266
2616	-2695.856	-3314.572	618.7159	1.579315	1.379056	0.662503	4.607952
2622	-2696.525	-3317.223	620.6983	1.596748	1.200082	0.6899667	3.53039
2628	-2701.795	-3321.107	619.3121	1.538526	1.524283	0.6643709	4.231661
2634	-2702.516	-3322.909	620.3922	1.679208	1.669889	0.5147317	3.599966
2640	-2690.308	-3311.158	620.8497	1.679208	1.669889	0.6196909	3.238839
2646	-2696.449	-3317.034	620.5847	1.610606	1.163802	0.5727715	3.702301
2652	-2697.017	-3317.542	620.5243	1.713826	1.32974	0.6602239	3.523457
2658	-2698.811	-3318.153	619.3422	1.625103	1.657253	0.6433473	4.128708
2664	-2681.335	-3300.958	619.6226	1.515007	1.614562	0.4434897	4.22679
2670	-2666.973	-3286.932	619.9593	1.572841	1.677738	0.5801867	3.849698
2676	-2674.42	-3295.672	621.2523	1.725899	1.404721	0.5978222	3.104428
2682	-2678.076	-3298.842	620.7654	1.660714	1.323815	0.5471836	3.5122
2688	-2682.976	-3304.175	621.1989	1.812607	1.023685	0.5007498	3.369325
2694	-2665.545	-3286.376	620.8312	1.701802	1.183812	0.7522438	3.353135
2700	-2679.462	-3299.641	620.1796	1.672041	1.646202	0.7522438	3.542671
2706	-2669.225	-3289.625	620.4001	1.696066	1.646202	0.6865371	3.448912
2712	-2660.762	-3280.628	619.8658	1.65415	1.572026	0.7508318	3.765721
2718	-2685.739	-3306.606	620.867	1.488124	1.448278	0.6148036	3.438145
2724	-2659.603	-3278.591	618.9873	1.531597	1.787805	0.8764592	4.171464
2730	-2659.974	-3280.062	620.0877	1.638164	1.770034	0.7335259	3.581582
2736	-2665.043	-3286.203	621.16	1.67821	1.281485	0.5299907	3.30684
2742	-2684.251	-3304.595	620.3435	1.67821	1.826525	0.7284582	3.391579
2748	-2682.892	-3303.287	620.3955	1.67821	1.304297	0.8049349	3.524945
2754	-2668.644	-3288.901	620.2575	1.631039	1.150137	0.7054885	3.779767
2760	-2670.243	-3290.149	619.9062	1.620568	1.603235	0.727244	3.766131
2766	-2658.686	-3279.354	620.668	1.705376	1.603235	0.5063713	3.458656
2772	-2647.001	-3267.387	620.3855	1.681194	1.497683	0.7802916	3.458656
2778	-2654.421	-3274.942	620.5215	1.714074	1.5181	0.6046484	3.486268
2784	-2661.263	-3281.177	619.9141	1.535646	1.987144	0.6245346	3.747973
2790	-2673.673	-3293.001	619.3279	1.59746	1.348406	1.042982	4.020339
2796	-2694.146	-3313.114	618.9678	1.603231	1.396117	0.8875298	4.291299
2802	-2696.043	-3315.784	619.7407	1.633809	1.848268	0.7752568	3.726571
2808	-2697.053	-3316.645	619.5912	1.647507	1.664427	0.7359016	3.901313
2814	-2683.653	-3303.67	620.0177	1.577053	1.850094	0.6781464	3.669735
2820	-2682.326	-3301.561	619.2348	1.610027	1.850094	0.729188	4.062435
2826	-2674.843	-3294.547	619.704	1.610027	1.675984	0.7246032	3.861833
2832	-2693.639	-3313.407	619.7679	1.621681	1.649388	0.6954404	3.850335
2838	-2692.257	-3312.215	619.9582	1.657315	1.649388	0.6954404	3.720184
2844	-2702.576	-3322.987	620.4105	1.656323	1.222783	0.8159856	3.56115
2850	-2695.956	-3315.97	620.0141	1.613115	1.806662	0.6452118	3.69258
2856	-2703.959	-3323.272	619.3131	1.464748	1.720533	0.5630553	4.278227
2862	-2690.736	-3309.934	619.1972	1.501994	1.800381	0.4850222	4.364085
2868	-2695.033	-3313.963	618.9303	1.559004	1.917871	0.6714077	4.283442
2874	-2672.852	-3292.447	619.5949	1.63415	1.063542	0.6515956	4.243374
2880	-2671.634	-3291.297	619.6626	1.550051	1.865224	0.7461564	3.834307
2886	-2678.487	-3298.695	620.2079	1.610159	1.291736	0.7461564	3.720377
2892	-2658.271	-3279.064	620.7933	1.598992	1.456208	0.6151744	3.412568
2898	-2671.219	-3290.832	619.6134	1.602622	1.456208	0.6819283	4.039042
2904	-2678.902	-3298.768	619.8664	1.602622	1.937787	0.5891304	3.783249
2910	-2689.51	-3309.696	620.1857	1.663735	2.013451	0.7689099	3.396778
2916	-2675.363	-3295.825	620.462	1.576572	1.431483	0.7689099	3.512034
2922	-2686.179	-3306.755	620.5755	1.751998	1.618939	0.7154386	3.302083
2928	-2684.841	-3304.561	619.7202	1.638054	2.292857	0.6548898	3.678156
2934	-2691.981	-3311.764	619.7832	1.624928	1.435159	0.7267755	3.905035
2940	-2680.759	-3300.366	619.6068	1.541534	1.584081	0.7855847	3.950015
2946	-2690.414	-3311.196	620.7827	1.59928	1.870723	0.4726016	3.384053
2952	-2687.039	-3307.118	620.0787	1.596576	1.376421	0.6749503	3.816328
2958	-2685.568	-3306.738	621.1696	1.779419	1.380333	0.5878958	3.14172
2964	-2693.808	-3313.373	619.5653	1.529922	1.45772	0.6733316	4.113774
2970	-2710.794	-3330.925	620.131	1.544823	1.470894	0.6913877	3.761887
2976	-2695.905	-3316.005	620.1006	1.617084	1.582943	0.6746311	3.703649
2982	-2701.885	-3322.028	620.1431	1.60663	1.582943	0.5654058	3.774821
2988	-2698.336	-3317.663	619.3266	1.53206	1.510708	0.6629595	4.233801
2994	-2706.471	-3328.44	621.9683	1.790424	1.162598	0.521709	2.825664
3000	-2683.76	-3304.881	621.1213	1.790424	1.251118	0.5637264	3.247508
3006	-2685.727	-3306.716	620.9884	1.707255	1.493644	0.6135269	3.218887
3012	-2679.613	-3299.966	620.3531	1.729209	1.177146	0.6097621	3.729334
3018	-2674.19	-3295.041	620.8518	1.87455	1.437995	0.6809357	3.170348
3024	-2678.951	-3300.521	621.5703	1.724343	1.578561	0.5478017	2.882585
3030	-2679.931	-3302.228	622.2968	1.913801	0.8365463	0.5997593	2.677121
3036	-2678.699	-3301.131	622.4327	1.895354	1.187683	0.4699584	2.514664
3042	-2687.006	-3308.656	621.6497	1.895354	1.26631	0.6446636	2.789951
3048	-2693.795	-3314.92	621.1251	1.899701	1.140113	0.8193823	3.037062
3054	-2689.752	-3311.867	622.1147	1.99167	1.100952	0.6710419	2.511676
3060	-2683.289	-3305.348	622.0585	1.943715	1.094398	0.5699944	2.668977
3066	-2670.95	-3293.011	622.061	1.883059	1.232883	0.6157482	2.587109
3072	-2667.505	-3288.365	620.8601	1.774597	1.338127	0.6894498	3.264006
3078	-2676.029	-3297.088	621.059	1.655564	1.425072	0.6598875	3.199933
3084	-2671.528	-3292.466	620.9373	1.728683	1.506043	0.6510954	3.199933
3090	-2688.234	-3309.236	621.0014	1.728683	1.356519	0.7597008	3.145959
3096	-2696.2	-3317.355	621.1542	1.693037	1.239918	0.5050153	3.34576
3102	-2680.049	-3300.24	620.1913	1.706815	1.547016	0.7946641	3.526133
3108	-2671.401	-3291.879	620.4776	1.626631	1.547016	0.5146558	3.630643
3114	-2681.126	-3301.643	620.5173	1.569728	1.248896	0.6346651	3.670338
3120	-2666.187	-3287.58	621.3935	1.770682	1.052697	0.7800359	3.030278
3126	-2663.459	-3283.511	620.0515	1.784915	1.511178	0.7800359	3.58726
3132	-2663.127	-3283.852	620.7252	1.77849	1.611828	0.7203577	3.197158
3138	-2667.493	-3288.604	621.1114	1.739017	1.172641	0.7178223	3.197158
3144	-2671.16	-3292.219	621.0591	1.818048	1.106813	0.7263865	3.210199
3150	-2673.442	-3294.583	621.141	1.83624	1.975636	0.5598894	2.908286
3156	-2678.615	-3299.122	620.5063	1.820342	1.950855	0.6248597	3.248567
3162	-2682.166	-3302.366	620.2	1.657096	1.513621	0.768226	3.582513
3168	-2691.689	-3312.463	620.7736	1.615636	1.513621	0.6186139	3.386574
3174	-2683.881	-3304.684	620.8037	1.744416	1.539468	0.6408205	3.263701
3180	-2680.893	-3300.891	619.9981	1.631937	1.784097	0.7162567	3.644628
3186	-2670.594	-3289.838	619.2436	1.631937	2.044962	0.7120109	3.990715
3192	-2675.23	-3294.876	619.6456	1.581744	1.736298	0.6197785	3.969159
3198	-2666.287	-3285.897	619.6099	1.61507	2.211748	0.6051551	3.820343
3204	-2665.642	-3285.313	619.6712	1.618284	1.831906	0.7195864	3.821262
3210	-2685.069	-3305.083	620.0141	1.514256	1.10871	0.6406931	4.057598
3216	-2699.204	-3319.112	619.9085	1.620593	1.101164	0.6426294	4.059673
3222	-2693.118	-3313.16	620.042	1.624918	1.255677	0.6909824	3.865314
3228	-2695.802	-3315.089	619.2864	1.60912	2.351061	0.6932415	3.897687
3234	-2671.143	-3290.925	619.7824	1.494635	1.531207	0.4852457	4.139867
3240	-2669.832	-3290.141	620.3086	1.525041	1.402462	0.530889	3.833927
3246	-2682.649	-3303.567	620.9174	1.66101	1.134991	0.530889	3.532561
3252	-2677.184	-3298.653	621.4688	1.68696	1.382424	0.5285195	3.07174
3258	-2669.65	-3291.099	621.4483	1.66526	1.080445	0.5708523	3.21178
3264	-2670.925	-3292.105	621.1793	1.623326	1.409227	0.5711187	3.230075
3270	-2678.731	-3299.147	620.4162	1.555521	1.314865	0.5093984	3.814315
3276	-2677.032	-3297.322	620.29	1.553331	1.383705	0.599027	3.777185
3282	-2686.155	-3306.822	620.6666	1.701092	1.465609	0.7088552	3.348317
3288	-2681.92	-3303.031	621.1102	1.691099	1.524582	0.5630498	3.187026
3294	-2670.689	-3290.93	620.2409	1.657342	2.209922	0.5894177	3.443769
3300	-2665.854	-3286.595	620.7404	1.771577	1.898655	0.6657126	3.123956
3306	-2658.469	-3279.489	621.0199	1.76645	1.621589	0.6657126	3.067602
3312	-2657.625	-3278.864	621.2388	1.643994	1.621589	0.6573701	3.016651
3318	-2658.76	-3279.329	620.5683	1.8699	1.725189	0.7786508	3.147724
3324	-2676.293	-3296.965	620.6721	1.84157	1.725189	0.8357922	3.062762
3330	-2664.62	-3285.062	620.4414	1.84157	1.77319	0.6998872	3.279466
3336	-2673.741	-3294.942	621.2018	1.751461	1.187053	0.5613447	3.257742
3342	-2678.229	-3299.489	621.2597	1.664721	1.187053	0.5724431	3.264859
3348	-2683.9	-3305.304	621.4041	1.672857	1.574742	0.5153785	3.046038
3354	-2699.779	-3319.693	619.9141	1.618172	1.630197	0.9135039	3.627038
3360	-2692.028	-3313.605	621.5774	1.796851	1.129292	0.614906	2.990827
3366	-2688.805	-3310.531	621.726	1.843473	1.376066	0.6516359	2.714852
3372	-2667.433	-3288.666	621.2334	1.814558	1.203925	0.7358731	3.04961
3378	-2681.721	-3303.276	621.5548	1.814558	1.097865	0.6302772	2.998089
3384	-2672.453	-3294.091	621.6381	1.721671	1.093809	0.6937548	2.954425
3390	-2666.811	-3287.785	620.9734	1.734052	1.215307	0.6553024	3.3083
3396	-2680.55	-3301.988	621.438	1.734052	0.9834701	0.5741456	3.230331
3402	-2683.955	-3305.402	621.4473	1.774422	1.356068	0.6981888	2.898169
3408	-2683.267	-3304.364	621.0977	1.736327	1.59158	0.6152095	3.093452
3414	-2686.15	-3307.074	620.9244	1.626378	1.520839	0.6152095	3.291334
3420	-2682.317	-3302.127	619.8095	1.515703	1.111075	0.6152095	4.192343
3426	-2686.862	-3307.225	620.363	1.612924	1.157514	0.7219567	3.713354
3432	-2704.127	-3323.093	618.9662	1.505675	1.774167	0.6533028	4.357898
3438	-2697.968	-3317.868	619.8998	1.639915	1.418334	0.5726041	3.9586
3444	-2692.565	-3313.909	621.3441	1.845281	1.281095	0.6780974	2.970308
3450	-2694.192	-3314.162	619.9704	1.78854	1.677134	0.69157	3.62921
3456	-2690.337	-3311.014	620.6769	1.779465	1.40061	0.616396	3.398845
3462	-2700.518	-3321.552	621.0334	1.72789	1.889948	0.4410555	3.186101
3468	-2686.939	-3307.173	620.234	1.727681	1.82728	0.6144675	3.515869
3474	-2686.923	-3308.544	621.6219	1.91057	1.682107	0.5484479	2.693609
3480	-2693.017	-3314.914	621.8972	1.941966	1.287907	0.6346455	2.606956
3486	-2693.442	-3314.664	621.2222	1.913932	1.539958	0.6578455	2.898442
3492	-2689.2	-3310.276	621.0758	1.910108	1.269895	0.8333393	2.983129
3498	-2695.898	-3316.437	620.5387	1.887898	1.637538	0.6967894	3.250289
3504	-2697.396	-3318.175	620.7792	1.686007	1.705112	0.6245167	3.258503
3510	-2683.808	-3302.724	618.9153	1.585697	1.824239	0.7182735	4.274846
3516	-2695.782	-3316.007	620.2244	1.565228	1.762182	0.7978431	3.501769
3522	-2674.77	-3295.44	620.6697	1.730745	1.399278	0.5850724	3.458827
3528	-2676.139	-3297.302	621.1631	1.838915	1.385007	0.7176581	3.001611
3534	-2667.041	-3288.238	621.1968	1.787247	1.510564	0.7013187	2.968137
3540	-2659.265	-3279.276	620.0105	1.61905	1.550827	0.5803701	3.844142
3546	-2681.607	-3301.252	619.6448	1.668495	1.550827	0.8223599	3.844142
3552	-2701.269	-3322.903	621.6346	1.764561	1.224733	0.4849767	3.046076
3558	-2688.706	-3309.676	620.9701	1.764561	1.549441	0.6941218	3.106191
3564	-2664.834	-3283.95	619.1161	1.650134	1.648404	0.7869131	4.141706
3570	-2664.909	-3285.059	620.1496	1.683855	1.414173	0.5337105	3.826314
3576	-2663.485	-3284.72	621.2351	1.734503	1.134283	0.6795885	3.176415
3582	-2676.982	-3298.632	621.6498	1.751983	1.134878	0.6465444	2.944507
3588	-2658.525	-3279.729	621.2037	1.751983	1.258481	0.6565372	3.138658
3594	-2671.418	-3292.228	620.8102	1.772343	1.451189	0.5343139	3.374341
3600	-2658.331	-3278.235	619.9035	1.606454	1.440887	0.669655	3.886813
3606	-2660.287	-3280.82	620.5334	1.75373	1.440887	0.840726	3.312773
3612	-2683.812	-3304.004	620.1918	1.653115	1.878349	0.7390026	3.4684
3618	-2691.889	-3311.806	619.9172	1.546433	1.379599	0.5588918	4.031132
3624	-2672.354	-3292.892	620.5374	1.718117	1.56579	0.7196227	3.363215
3630	-2672.455	-3293.276	620.8205	1.783232	2.138316	0.6058173	3.035655
3636	-2674.997	-3295.727	620.7298	1.789537	1.495871	0.5620168	3.366722
3642	-2671.85	-3292.544	620.6934	1.756008	1.309027	0.7045699	3.375318
3648	-2671.438	-3292.301	620.8632	1.826411	1.765486	0.6755466	3.060064
3654	-2696.676	-3317.649	620.9729	1.73435	1.381682	0.7300344	3.169713
3660	-2695.272	-3316.686	621.4137	1.786466	1.227368	0.5356206	3.114179
3666	-2680.864	-3302.659	621.795	1.9353	1.32144	0.5356206	2.747313
3672	-2680.722	-3299.627	618.905	1.398965	1.353056	0.6205022	4.647156
3678	-2673.544	-3292.81	619.2665	1.444265	1.613511	0.7034967	4.245738
3684	-2672.742	-3291.955	619.2125	1.510407	1.627379	0.7034967	4.23341
3690	-2694.809	-3315.12	620.3113	1.873229	1.564242	0.8866542	3.289682
3696	-2679.174	-3299.854	620.6807	1.70429	1.564242	0.7103517	3.294702
3702	-2687.848	-3308.933	621.0853	1.71884	1.283597	0.8704347	3.06017
3708	-2686.385	-3307.063	620.6788	1.717938	1.579522	0.6874584	3.298969
3714	-2681.801	-3301.712	619.9111	1.660776	1.192282	0.6874584	3.95365
3720	-2677.473	-3298.75	621.2766	1.707476	1.525369	0.5965084	3.048188
3726	-2663.598	-3284.898	621.2993	1.886696	1.147354	0.6699031	3.048188
3732	-2664.233	-3285.158	620.9248	1.8343	1.431381	0.5711829	3.245697
3738	-2663.857	-3284.145	620.2878	1.812386	1.493119	0.6763751	3.517849
3744	-2669.003	-3290.842	621.8394	1.98225	1.133502	0.635181	2.699701
3750	-2656.888	-3278.71	621.8217	1.903042	1.350159	0.5747665	2.699701
3756	-2669.318	-3290.348	621.0303	1.891881	1.326063	0.8633897	2.973289
3762	-2661.738	-3283.279	621.5416	1.908153	1.307287	0.5736338	2.889301
3768	-2682.594	-3303.54	620.946	1.67389	1.585871	0.646838	3.196765
3774	-2675.643	-3296.255	620.6122	1.693594	1.496029	0.7333755	3.353046
3780	-2679.279	-3300.36	621.0806	1.694338	1.39024	0.4680849	3.353046
3786	-2676.366	-3296.827	620.4616	1.605389	1.402922	0.4680849	3.759276
3792	-2657.388	-3277.833	620.4458	1.658618	1.388541	0.7287244	3.521965
3798	-2661.378	-3282.449	621.0707	1.806465	1.260824	0.6376737	3.199537
3804	-2680.983	-3302.063	621.0805	1.806465	1.220451	0.7341713	3.138378
3810	-2695.654	-3315.897	620.2436	1.643317	1.323448	0.7341713	3.674297
3816	-2698.326	-3318.344	620.0182	1.560432	1.426216	0.7588227	3.787966
3822	-2697.615	-3317.615	619.9999	1.576006	1.454812	0.7435342	3.787966
3828	-2685.437	-3306.44	621.003	1.63815	1.468977	0.5669882	3.302313
3834	-2672.666	-3293.365	620.6992	1.758357	1.468977	0.5386069	3.435806
3840	-2680.836	-3301.32	620.4838	1.743618	2.01086	0.7577451	3.182824
3846	-2678.065	-3297.828	619.7627	1.517599	2.128789	0.5727901	3.842169
3852	-2675.538	-3294.035	618.4973	1.514919	1.537519	0.5032689	4.832287
3858	-2668.541	-3288.226	619.6847	1.611847	1.640533	0.6059122	3.977592
3864	-2668.653	-3287.976	619.323	1.635504	1.533917	0.7999519	4.069167
3870	-2668.794	-3288.381	619.5871	1.575208	1.956654	0.59851	3.945036
3876	-2667.267	-3286.248	618.9807	1.704971	1.848603	0.8315495	4.083461
3882	-2676.793	-3296.289	619.4966	1.5292	2.155648	0.6751136	3.896589
3888	-2680.167	-3299.979	619.8121	1.5292	1.823163	0.5898966	3.896589
3894	-2677.357	-3298.235	620.8774	1.643788	1.724654	0.4773529	3.352267
3900	-2669.786	-3291.019	621.233	1.79092	1.506249	0.4773529	3.144721
3906	-2701.588	-3322.812	621.2247	1.813216	1.345503	0.4773529	3.209279
3912	-2674.237	-3293.723	619.4857	1.491893	1.415709	0.6272659	4.234611
3918	-2666.423	-3285.843	619.4201	1.496107	1.415709	0.6197716	4.275411
3924	-2664.255	-3283.172	618.9172	1.592144	2.059555	0.6071168	4.275411
3930	-2674.081	-3293.637	619.5566	1.526369	1.949031	0.6745658	3.93231
3936	-2675.198	-3294.81	619.6123	1.634842	1.807557	0.6187404	3.93231
3942	-2666.282	-3285.232	618.9504	1.460851	2.023992	0.754253	4.231629
3948	-2662.01	-3282.688	620.6783	1.598234	1.566015	0.6700745	3.388827
3954	-2673.428	-3293.31	619.8817	1.470596	1.747954	0.4703295	4.026735
3960	-2666.987	-3286.245	619.2577	1.470596	1.618978	0.6756296	4.254432
3966	-2658.048	-3278.339	620.2909	1.589039	1.784144	0.712143	3.502389
3972	-2654.431	-3274.261	619.8291	1.616693	1.855932	0.6908177	3.744018
3978	-2660.468	-3280.022	619.554	1.553962	1.53129	0.5809613	4.149769
3984	-2689.093	-3308.322	619.229	1.523137	1.772619	0.5766169	4.261973
3990	-2666.552	-3285.203	618.6511	1.410182	1.616842	0.6711252	4.634468
3996	-2677.854	-3296.051	618.1971	1.450567	1.624797	0.7519567	4.804507
4002	-2658.152	-3276.98	618.8279	1.506165	1.522354	0.6263557	4.553547
4008	-2672.453	-3292.925	620.4722	1.672887	1.668516	0.5836939	3.49547
4014	-2663.473	-3283.345	619.8726	1.495305	1.600532	0.5999947	3.957519
4020	-2654.326	-3273.178	618.852	1.379457	1.638015	0.7471261	4.475614
4026	-2654.894	-3273.139	618.245	1.433644	1.604049	0.6400899	4.876863
4032	-2657.745	-3276.61	618.8644	1.429343	1.729234	0.5956602	4.52068
4038	-2654.95	-3274.316	619.3664	1.497547	1.6429	0.5956602	4.23148
4044	-2666.216	-3285.93	619.714	1.480833	1.472916	0.5231568	4.175448
4050	-2657.514	-3277.811	620.297	1.599488	1.533456	0.7327184	3.576777
4056	-2658.682	-3278.622	619.9397	1.567948	1.386871	0.652195	3.925575
4062	-2652.403	-3272.326	619.9235	1.585863	1.582738	0.652195	3.841293
4068	-2667.08	-3286.833	619.7533	1.560063	1.458648	0.7354506	3.942895
4074	-2663.095	-3281.42	618.3249	1.533539	1.60515	0.7225471	4.714964
4080	-2657.227	-3276.299	619.0719	1.463054	1.60515	0.7252281	4.332746
4086	-2672.017	-3291.71	619.6935	1.38616	1.60515	0.5444124	4.167724
4092	-2670.797	-3290.226	619.4291	1.494848	1.60515	0.6083535	4.20175
4098	-2673.351	-3292.819	619.468	1.494848	1.722464	0.5501804	4.183796
4104	-2679.823	-3299.358	619.5342	1.634248	1.616221	0.7526414	3.948588
4110	-2670.429	-3292.209	621.7798	2.051844	1.279172	0.5916913	2.65402
4116	-2682.928	-3304.67	621.7415	1.985655	1.791499	0.5177484	2.559035
4122	-2674.584	-3294.97	620.386	1.670489	1.740046	0.5968879	3.508049
4128	-2671.435	-3291.844	620.4094	1.706499	1.456786	0.6139789	3.574551
4134	-2678.865	-3300.838	621.9732	2.119379	1.163712	0.5936505	2.552252
4140	-2690.16	-3309.653	619.4929	1.676516	1.718899	0.5505452	4.067318
4146	-2689.822	-3308.516	618.6941	1.643893	1.718899	0.487683	4.59464
4152	-2688.731	-3308.871	620.14	1.721409	1.387485	0.6017593	3.762771
4158	-2688.899	-3309.646	620.7475	1.829413	1.537615	0.4626526	3.410037
4164	-2671.993	-3293.324	621.3309	1.919365	1.139463	0.4626526	3.202243
4170	-2691.176	-3310.043	618.8664	1.474244	1.548562	0.7580163	4.441865
4176	-2691.492	-3310.341	618.849	1.383978	1.66886	0.5529086	4.613396
4182	-2694.2	-3314.188	619.9881	1.512686	1.336288	0.5129333	4.070838
4188	-2676.993	-3297.206	620.2132	1.533562	0.9324974	0.5931083	4.070838
4194	-2703.479	-3322.849	619.3701	1.589826	1.054695	0.5931083	4.447054
4200	-2683.295	-3304.117	620.8215	1.541314	1.731533	0.5183619	3.402644
4206	-2679.417	-3299.745	620.3278	1.460318	2.239464	0.4705681	3.60883
4212	-2687.374	-3307.542	620.1677	1.600918	2.176758	0.5294209	3.583361
4218	-2668.867	-3290.245	621.378	1.568077	1.699881	0.4750662	3.11295
4224	-2656.365	-3276.43	620.0651	1.552842	1.33973	0.6164244	3.912362
4230	-2680.89	-3301.118	620.2283	1.530392	1.380255	0.5014698	3.914183
4236	-2690.106	-3309.981	619.8759	1.530392	1.844993	0.5783462	3.861272
4242	-2691.412	-3311.65	620.2386	1.592653	1.608776	0.7514303	3.57016
4248	-2688.527	-3309.219	620.6922	1.725186	1.379612	0.7514303	3.326176
4254	-2674.701	-3293.998	619.297	1.625308	1.724645	0.6452024	4.127192
4260	-2673.627	-3292.886	619.2592	1.492989	1.724645	0.6848405	4.193442
4266	-2679.324	-3297.443	618.119	1.267177	1.632163	0.6820692	4.997089
4272	-2670.817	-3290.866	620.0486	1.397369	1.501877	0.5890591	3.96242
4278	-2662.29	-3282.052	619.7615	1.452474	1.646328	0.5301541	4.087904
4284	-2681.073	-3299.865	618.7923	1.525246	1.531188	0.7574083	4.462345
4290	-2671.333	-3290.057	618.7244	1.583571	1.531188	0.7652045	4.462345
4296	-2672.802	-3292.505	619.7024	1.692751	1.837889	0.7652045	3.725423
4302	-2690.98	-3310.858	619.8777	1.691634	1.486754	0.7652045	3.762644
4308	-2674.763	-3295.26	620.4969	1.765099	1.623655	0.6233285	3.41145
4314	-2657.604	-3277.639	620.0352	1.667842	1.695786	0.7318309	3.624337
4320	-2650.764	-3270.59	619.8265	1.584577	1.482105	0.6829126	3.915675
4326	-2658.053	-3277.812	619.7599	1.506111	1.501235	0.6829126	3.990675
4332	-2650.207	-3270.133	619.9267	1.506111	1.608136	0.700476	3.838062
4338	-2648.299	-3268.167	619.8687	1.548991	1.687793	0.6249476	3.87428
4344	-2661.667	-3281.143	619.476	1.563795	1.494218	0.711906	4.101058
4350	-2646.979	-3266.977	619.9986	1.651931	2.050285	0.6643285	3.578589
4356	-2658.555	-3279.397	620.8419	1.54494	1.600277	0.4758303	3.481887
4362	-2654.504	-3273.438	618.934	1.559623	2.01532	0.9118754	4.084917
4368	-2652.608	-3271.055	618.4471	1.49105	1.722157	0.7698093	4.593016
4374	-2662.577	-3281.551	618.9738	1.566814	1.132935	0.6965589	4.561297
4380	-2656.259	-3276.061	619.802	1.506959	1.518586	0.6906391	3.953013
4386	-2659.711	-3279.449	619.738	1.445742	1.336759	0.5140743	4.249731
4392	-2666.578	-3285.472	618.8936	1.457354	1.410626	0.6659216	4.560299
4398	-2653.484	-3272.946	619.4618	1.564808	1.297559	0.6361433	4.252961
4404	-2652.839	-3272.02	619.1805	1.660248	1.842813	0.6680079	4.112745
4410	-2648.73	-3269.232	620.5021	1.741772	1.731894	0.6226297	3.379964
4416	-2652.134	-3272.472	620.3385	1.67079	1.697642	0.6527767	3.505907
4422	-2660.484	-3281.098	620.6138	1.662025	1.377047	0.627491	3.505907
4428	-2656.119	-3276.172	620.0528	1.687801	1.619927	0.627491	3.712866
4434	-2664.566	-3284.683	620.1169	1.66938	1.759814	0.6315938	3.628867
4440	-2665.384	-3285.788	620.4042	1.530828	1.531374	0.6901844	3.58706
4446	-2664.795	-3284.05	619.2555	1.586126	1.623398	0.672813	4.190565
4452	-2672.946	-3291.781	618.8356	1.448731	1.545383	0.5281759	4.654526
4458	-2667.504	-3286.302	618.7974	1.465008	1.829508	0.7053865	4.41713
4464	-2675.338	-3295.047	619.709	1.427178	1.250845	0.6619426	4.192731
4470	-2672.829	-3292.609	619.7807	1.563176	1.426121	0.5569537	4.08062
4476	-2676.725	-3296.357	619.6321	1.607547	1.426121	0.6279164	4.08062
4482	-2686.321	-3306.177	619.856	1.59978	1.635864	0.8025161	3.741071
4488	-2671.747	-3291.931	620.1839	1.598586	1.400583	0.6929349	3.729966
4494	-2678.19	-3297.274	619.0839	1.578336	2.269034	0.6929349	4.055881
4500	-2671.809	-3292.233	620.4244	1.622511	1.805823	0.6929349	3.411279
4506	-2676.929	-3296.91	619.9815	1.622511	1.897293	0.6257212	3.689041
4512	-2675.396	-3295.283	619.8864	1.540752	2.055866	0.5085864	3.839261
4518	-2678.946	-3298.663	619.7171	1.624224	2.730675	0.5391672	3.661486
4524	-2668.783	-3288.795	620.0116	1.629301	1.647775	0.5059169	3.865508
4530	-2680.787	-3299.418	618.6304	1.519284	1.794891	0.7266063	4.477723
4536	-2689.871	-3308.993	619.1216	1.470067	2.150271	0.6703437	4.149797
4542	-2693.733	-3312.396	618.6633	1.446496	2.150271	0.6250565	4.457688
4548	-2692.872	-3311.561	618.6888	1.361337	1.651608	0.56085	4.715525
4554	-2682.445	-3302.214	619.7689	1.731227	1.836149	0.6776755	3.729817
4560	-2672.342	-3291.612	619.2698	1.598023	1.325546	0.6776755	4.297924
4566	-2686.737	-3306.181	619.4443	1.601442	1.649478	0.7685161	3.994588
4572	-2674.499	-3293.932	619.4339	1.540261	1.286914	0.591725	4.323548
4578	-2676.79	-3296.731	619.941	1.6128	1.825771	0.6241982	3.744941
4584	-2681.432	-3301.201	619.7691	1.591687	1.497268	0.7044052	3.921968
4590	-2685.922	-3306.822	620.9001	1.90438	1.400604	0.6411748	3.172988
4596	-2677.623	-3298.514	620.8912	1.83524	1.406055	0.6411748	3.216712
4602	-2686.557	-3307.486	620.9289	1.700782	1.588595	0.6464545	3.190129
4608	-2689.819	-3310.203	620.3837	1.639195	1.304245	0.5637922	3.74051
4614	-2684.708	-3304.884	620.1764	1.605009	1.404893	0.6070665	3.796712
4620	-2670.784	-3291.89	621.1056	1.740632	1.228287	0.6062268	3.260532
4626	-2676.667	-3297.898	621.231	1.762247	1.228287	0.5102826	3.260532
4632	-2675.908	-3297.323	621.4149	1.845044	1.589047	0.5102826	2.935051
4638	-2685.239	-3305.853	620.614	1.68779	1.746757	0.7343858	3.252438
4644	-2688.005	-3308.103	620.0982	1.632333	0.9560003	0.7832962	3.922394
4650	-2684.25	-3303.951	619.7016	1.619119	1.369315	0.6895756	4.011687
4656	-2672.92	-3292.674	619.754	1.724801	1.655415	0.6806215	3.807889
4662	-2683.376	-3303.775	620.3985	1.615949	1.291337	0.6177119	3.705667
4668	-2690.736	-3310.699	619.9625	1.60794	1.718896	0.5474592	3.840478
4674	-2688.244	-3308.52	620.2763	1.683533	1.856467	0.560018	3.553188
4680	-2674.723	-3294.788	620.0654	1.636465	1.856467	0.6707281	3.611096
4686	-2681.201	-3301.596	620.3942	1.636465	1.637847	0.6249798	3.539483
4692	-2689.684	-3308.375	618.6913	1.490753	1.657816	0.7877084	4.468009
4698	-2702.273	-3322.49	620.2174	1.579951	1.05764	0.6384296	3.933129
4704	-2669.537	-3290.405	620.8681	1.648483	1.242085	0.7032507	3.369598
4710	-2677.86	-3299.14	621.2801	1.783671	1.249903	0.6590186	3.076577
4716	-2665.589	-3286.741	621.1525	1.783671	1.486084	0.6166729	3.076577
4722	-2649.475	-3270.647	621.1713	1.832094	1.562412	0.5348748	3.076577
4728	-2669.614	-3289.186	619.5726	1.665328	1.720311	0.6828215	3.919574
4734	-2663.647	-3283.897	620.2495	1.497984	1.746542	0.5994379	3.682932
4740	-2677.159	-3296.787	619.6278	1.613703	1.39277	0.6967486	4.041051
4746	-2666.497	-3285.484	618.9874	1.574021	1.799337	0.6357105	4.31191
4752	-2692.763	-3312.406	619.6425	1.480329	1.375062	0.5606336	4.225518
4758	-2686.288	-3306.333	620.0449	1.441296	1.643883	0.6563375	3.826941
4764	-2681.48	-3301.005	619.5252	1.59346	1.86378	0.5980961	4.002672
4770	-2677.603	-3297.183	619.58	1.466923	1.833493	0.6868205	3.984191
4776	-2686.246	-3305.881	619.6344	1.527342	1.833493	0.5320431	4.046087
4782	-2671.398	-3291.336	619.9384	1.749584	1.250387	0.7223021	3.832501
4788	-2686.4	-3305.939	619.5381	1.637222	1.71672	0.7060969	3.939386
4794	-2684.934	-3304.735	619.8018	1.650284	2.118594	0.7060969	3.639233
4800	-2672.137	-3291.149	619.0119	1.525718	1.633465	0.7143355	4.327999
4806	-2688.477	-3306.445	617.9677	1.374759	2.02706	0.5793984	4.963113
4812	-2692.255	-3310.833	618.5783	1.463992	2.583075	0.4437061	4.532283
4818	-2684.701	-3302.941	618.2403	1.344316	2.164802	0.6733931	4.710651
4824	-2698.469	-3316.84	618.3715	1.385105	1.726541	0.5508085	4.860035
4830	-2705.768	-3323.955	618.1872	1.339177	1.731582	0.605573	4.940807
4836	-2687.719	-3307.649	619.9299	1.630009	1.731582	0.7225457	3.700334
4842	-2689.286	-3309.559	620.2732	1.627058	1.407167	0.639861	3.700334
4848	-2690.367	-3309.637	619.2703	1.556822	1.549434	0.5714698	4.309709
4854	-2693.211	-3312.252	619.0411	1.46923	1.271564	0.9774162	4.328642
4860	-2674.488	-3293.052	618.5639	1.436979	1.665121	0.6594843	4.658598
4866	-2665.143	-3284.396	619.2521	1.481254	1.442122	0.5864892	4.394606
4872	-2670.683	-3291.555	620.8723	1.409752	1.270861	0.569007	3.601847
4878	-2661.941	-3282.738	620.7968	1.584599	1.270861	0.5058403	3.601847
4884	-2669.604	-3290.215	620.6106	1.559652	1.393375	0.488276	3.684002
4890	-2670.499	-3291.351	620.852	1.592209	1.226618	0.5422162	3.553239
4896	-2670.563	-3290.538	619.9754	1.622942	1.300426	0.674429	3.895936
4902	-2679.45	-3300.583	621.1331	1.667576	1.15304	0.4704464	3.451686
4908	-2671.445	-3292.526	621.0807	1.753527	1.827217	0.5432245	3.064038
4914	-2667.478	-3288.08	620.602	1.806185	1.827217	0.7675661	3.134447
4920	-2663.862	-3284.422	620.5603	1.666038	1.131336	0.6390721	3.645846
4926	-2669.665	-3290.457	620.7923	1.666038	1.569928	0.4698158	3.458624
4932	-2680.906	-3302.149	621.2427	1.662449	1.173473	0.4977759	3.352674
4938	-2677.314	-3298.578	621.2636	1.687455	1.173473	0.5497672	3.276602
4944	-2668.107	-3289.101	620.9935	1.671531	1.295852	0.6763891	3.276602
4950	-2688.146	-3309.12	620.9739	1.672515	1.289335	0.3795449	3.571433
4956	-2677.365	-3298.21	620.8456	1.586604	1.520268	0.4904721	3.474201
4962	-2683.639	-3304.858	621.2189	1.581032	1.045838	0.5486696	3.43577
4968	-2685.654	-3305.434	619.7797	1.523324	1.317162	0.5529454	4.156128
4974	-2686.814	-3306.22	619.4055	1.600988	2.076018	0.5966839	3.995855
4980	-2683.196	-3303.137	619.9405	1.682052	1.998064	0.6610765	3.614996
4986	-2684.23	-3305.275	621.0456	1.665093	1.230208	0.6667713	3.289702
4992	-2675.177	-3296.659	621.4816	1.574078	1.086709	0.5195606	3.289702
4998	-2672.867	-3293.333	620.4663	1.658086	1.309196	0.5970987	3.650811
5004	-2666.174	-3286.582	620.4077	1.640171	1.446633	0.5759043	3.650811
5010	-2671.555	-3291.044	619.4887	1.556217	1.616912	0.8117054	3.978405
5016	-2666.557	-3285.681	619.1243	1.502996	1.805089	0.7010167	4.222774
5022	-2670.369	-3290.41	620.0405	1.635128	1.87224	0.73104	3.575095
5028	-2688.026	-3308.077	620.051	1.611145	1.357939	0.8607256	3.701573
5034	-2691.263	-3311.689	620.4257	1.848866	1.287911	0.9243878	3.337255
5040	-2671.627	-3292.055	620.428	1.908278	1.296914	0.8609135	3.337255
5046	-2667.923	-3288.974	621.0511	1.712759	1.478923	0.5732489	3.219938
5052	-2686.707	-3307.105	620.398	1.712759	1.460514	0.7077186	3.501842
5058	-2674.877	-3294.367	619.4899	1.589942	1.460514	0.6704304	4.123569
5064	-2682.797	-3302.217	619.4198	1.391229	1.460514	0.9054899	4.116158
5070	-2675.018	-3293.683	618.6644	1.524318	1.937641	0.7871463	4.363853
5076	-2680.482	-3300.037	619.5544	1.486747	1.229608	0.7559559	4.188073
5082	-2678.205	-3297.721	619.5154	1.469837	1.427286	0.730644	4.147082
5088	-2674.485	-3293.165	618.68	1.38772	1.815554	0.6946009	4.539608
5094	-2680.012	-3299.895	619.8825	1.43884	1.815554	0.6779949	3.840042
5100	-2676.552	-3297.016	620.4632	1.630969	1.590662	0.5956362	3.546125
5106	-2686.385	-3306.377	619.9919	1.53654	1.555167	0.4124732	4.060811
5112	-2676.176	-3295.419	619.2424	1.583923	2.285858	0.6175618	4.015894
5118	-2676.43	-3296.924	620.4938	1.695131	2.360833	0.524246	3.284982
5124	-2671.994	-3291.82	619.826	1.533899	1.671906	0.6205685	3.917102
5130	-2685.007	-3305.887	620.8802	1.802007	1.556924	0.6883107	3.138768
5136	-2676.529	-3296.793	620.2638	1.758051	1.860893	0.7575815	3.357615
5142	-2684.339	-3303.695	619.3559	1.552509	1.604829	0.9339104	3.983874
5148	-2674.325	-3294.336	620.0118	1.703666	2.015712	0.8160262	3.441679
5154	-2680.347	-3299.683	619.3357	1.630624	2.022591	0.7243585	3.937118
5160	-2715.274	-3333.339	618.0652	1.527843	1.258678	0.5921594	5.109032
5166	-2709.023	-3328.714	619.6909	1.553267	1.184523	0.6037913	4.210112
5172	-2676.621	-3295.973	619.3522	1.557966	1.624112	0.7829648	4.071911
5178	-2694.353	-3314.505	620.1522	1.617449	1.459576	0.5878571	3.795625
5184	-2695.177	-3314.527	619.3497	1.606098	1.615901	0.6714776	4.129622
5190	-2689.011	-3308.499	619.4873	1.647554	1.615901	0.6714776	4.027586
5196	-2696.833	-3317.015	620.1829	1.854658	1.963936	0.7836765	3.292887
5202	-2721.251	-3341.431	620.1797	1.658232	1.443819	0.7283397	3.652411
5208	-2719.404	-3339.566	620.1624	1.798304	1.5833	0.6813338	3.557411
5214	-2694.304	-3314.522	620.2181	1.621491	1.15128	0.6491611	3.850539
5220	-2683.392	-3303.015	619.6233	1.640203	1.633169	0.8060011	3.850539
5226	-2687.18	-3306.951	619.7716	1.564838	1.529835	0.5576059	4.040346
5232	-2680.446	-3300.419	619.9736	1.533861	1.259213	0.583878	4.040346
5238	-2662.409	-3281.986	619.5764	1.486665	1.255971	0.6699483	4.22566
5244	-2658.961	-3278.53	619.57	1.589831	1.676355	0.6071431	4.040802
5250	-2659.351	-3278.1	618.7483	1.525779	1.676355	0.6071431	4.542167
5256	-2663.4	-3282.143	618.7432	1.595807	2.293014	0.8019672	4.155597
5262	-2665.19	-3285.023	619.8336	1.536347	2.031324	0.4227962	3.965778
5268	-2661.392	-3281.108	619.7165	1.471117	2.031324	0.6014087	3.902959
5274	-2670.704	-3290.805	620.1007	1.530884	1.426795	0.571836	3.902959
5280	-2683.903	-3304.048	620.1451	1.694503	1.443329	0.8298619	3.580721
5286	-2675.123	-3296.045	620.9227	1.692134	1.681754	0.5838269	3.214078
5292	-2682.508	-3300.992	618.4837	1.581073	1.565726	0.5693257	4.733575
5298	-2687.857	-3308.348	620.4907	1.751426	1.69086	0.5693257	3.442526
5304	-2698.839	-3319.759	620.9204	1.809527	1.980818	0.6219945	3.000292
5310	-2677.578	-3297.158	619.5807	1.613204	1.797566	0.6818751	3.916822
5316	-2673.379	-3293.438	620.0588	1.716193	1.693047	0.7413735	3.576678
5322	-2690.752	-3312.197	621.4442	1.773256	1.591317	0.6004178	2.876045
5328	-2695.561	-3316.148	620.5868	1.780268	1.913052	0.6164581	3.24521
5334	-2689.615	-3310.513	620.8974	1.780268	1.857132	0.5795601	3.113191
5340	-2679.733	-3300.205	620.4721	1.729129	1.465906	0.9109036	3.306637
