Iteration	Posterior	Likelihood	Prior	rate_log_sd	rate_loss	rate_neo	tree_length
0	-2702.889	-3323.19	620.3008	1.744943	1.296642	0.7394708	3.591003
6	-2703.692	-3324.302	620.6102	1.744943	1.252939	0.7394708	3.431812
12	-2705.577	-3324.085	618.5087	1.462327	1.960706	0.8274308	4.452232
18	-2703.438	-3322.662	619.2243	1.574518	2.27395	0.537018	4.103877
24	-2705.511	-3325.026	619.5146	1.67635	1.599052	0.8209576	3.895767
30	-2689.042	-3308.545	619.5033	1.622369	1.780264	0.7735361	3.895767
36	-2687.8	-3307.096	619.2955	1.622369	1.730737	0.6588991	4.116777
42	-2699.255	-3320.49	621.2352	1.871861	1.405222	0.7091107	2.935599
48	-2691.771	-3313.13	621.3587	1.879343	1.758145	0.6274227	2.771682
54	-2678.366	-3298.06	619.6936	1.616129	1.978485	0.8214156	3.686725
60	-2671.325	-3291.438	620.1131	1.664871	1.775349	0.5899528	3.662477
66	-2675.873	-3296.435	620.5623	1.702949	1.816176	0.5899528	3.363194
72	-2677.332	-3297.588	620.2552	1.799228	2.153552	0.5717076	3.385795
78	-2671.433	-3291.357	619.924	1.487573	1.419449	0.6178697	3.993563
84	-2688.223	-3307.978	619.7554	1.590484	1.504478	0.6205568	3.992508
90	-2700.79	-3321.818	621.0278	1.850002	1.304423	0.8737198	3.003588
96	-2685.55	-3306.323	620.7729	1.850002	1.838142	0.7655105	3.003588
102	-2673.316	-3293.379	620.0631	1.676404	1.850548	0.7049367	3.565177
108	-2669.885	-3289.457	619.5728	1.638495	1.778709	0.7163892	3.887996
114	-2680.022	-3299.678	619.6563	1.561085	1.566635	0.7495298	3.942661
120	-2673.594	-3293.689	620.0952	1.663293	1.625994	0.6704254	3.665931
126	-2687.303	-3306.465	619.1622	1.685929	1.625994	0.9132164	4.022452
132	-2678.282	-3297.708	619.4266	1.599183	1.625994	0.758108	4.022452
138	-2670.972	-3291.477	620.5054	1.658199	1.965061	0.5448699	3.409296
144	-2682.889	-3302.091	619.202	1.706003	1.793603	0.7852516	4.00738
150	-2688.914	-3308.271	619.3568	1.634538	1.871	0.6804886	4.00738
156	-2700.696	-3320.366	619.67	1.518482	1.669374	0.7540672	3.915263
162	-2710.044	-3329.81	619.767	1.64711	1.500347	0.4554591	4.103908
168	-2697.452	-3317.236	619.7837	1.64711	1.637084	0.6420591	3.872754
174	-2712.855	-3333.059	620.2042	1.565307	1.400785	0.6572954	3.764851
180	-2692.75	-3312.908	620.1579	1.546841	1.583178	0.5479781	3.816039
186	-2696.922	-3318.075	621.1528	1.687498	1.529322	0.6076748	3.122579
192	-2703.603	-3323.251	619.6481	1.687498	2.314594	0.7053748	3.645782
198	-2705.811	-3325.564	619.7535	1.721623	1.718533	0.7275357	3.750609
204	-2684.042	-3303.999	619.957	1.59664	1.784261	0.6361292	3.750609
210	-2683.943	-3303.315	619.3721	1.485064	2.023923	0.6463543	4.058007
216	-2706.872	-3325.082	618.2108	1.46052	1.80105	0.6698916	4.785112
222	-2705.676	-3326.395	620.719	1.749594	1.204991	0.5974871	3.501361
228	-2695.421	-3315.863	620.4419	1.749594	1.931339	0.7585275	3.231512
234	-2689.36	-3309.225	619.8646	1.796034	1.640735	0.723182	3.67683
240	-2675.153	-3296.409	621.2559	1.75068	1.501337	0.5844341	3.055771
246	-2673.115	-3293.446	620.331	1.888433	1.501337	0.9704989	3.243559
252	-2664.721	-3284.617	619.8956	1.741774	1.505629	0.7520731	3.724684
258	-2655.332	-3275.198	619.8656	1.741774	1.813413	0.6554567	3.693447
264	-2651.728	-3271.973	620.2455	1.763252	1.965623	0.6590292	3.40259
270	-2649.631	-3269.195	619.5645	1.627438	1.717473	0.7341939	3.909003
276	-2665.922	-3285.942	620.0202	1.56685	1.237206	0.7792702	3.856416
282	-2653.513	-3272.645	619.1316	1.585561	1.515183	0.7651214	4.23782
288	-2666.428	-3285.597	619.1696	1.600184	1.619035	0.7651214	4.16609
294	-2662.052	-3282.714	620.6617	1.600184	1.27651	0.5296325	3.64619
300	-2661.605	-3281.448	619.8436	1.721157	2.04351	0.6936886	3.60796
306	-2673.188	-3293.76	620.5727	1.721157	1.441233	0.5448287	3.537859
312	-2671.11	-3291.673	620.5635	1.633735	1.325741	0.6745812	3.537859
318	-2691.534	-3310.591	619.0572	1.652999	1.466672	0.9897635	4.120956
324	-2695.805	-3314.093	618.2879	1.435205	1.460455	0.701479	4.86402
330	-2693.978	-3312.86	618.882	1.592639	1.518071	0.9486108	4.257084
336	-2688.059	-3307.196	619.1366	1.604563	2.096755	0.7390971	4.030977
342	-2696.017	-3315.998	619.9812	1.689501	1.536423	0.8536526	3.62315
348	-2701.3	-3322.312	621.0128	1.689501	1.244788	0.664258	3.289318
354	-2688.002	-3308.952	620.9498	1.689501	1.54759	0.5451333	3.289318
360	-2690.179	-3310.019	619.8407	1.54562	1.773703	0.5451333	3.927716
366	-2693.07	-3313.656	620.5857	1.778427	1.549693	0.750361	3.283344
372	-2683.952	-3304.009	620.0574	1.527511	2.203848	0.6238073	3.599383
378	-2692.467	-3312.766	620.2983	1.709506	1.41566	0.7613352	3.542411
384	-2693.343	-3314.674	621.3313	1.635183	1.398418	0.6410531	3.077641
390	-2688.149	-3308.133	619.9839	1.64004	1.860963	0.7022258	3.630524
396	-2675.439	-3294.603	619.1639	1.628601	1.780797	0.8008617	4.067414
402	-2675.391	-3295.194	619.8031	1.516104	1.825888	0.8411684	3.721967
408	-2674.806	-3294.942	620.1363	1.780007	1.784763	0.6614004	3.520025
414	-2678.037	-3298.599	620.5617	1.649992	1.311118	0.5328427	3.655799
420	-2681.39	-3301.65	620.26	1.737638	1.565668	0.7853046	3.466825
426	-2665.909	-3287.171	621.2623	1.737638	1.336105	0.5838781	3.135826
432	-2663.653	-3284.4	620.7472	1.632359	1.537507	0.6267097	3.375369
438	-2669.371	-3289.281	619.9105	1.690007	1.639967	0.7656636	3.681374
444	-2666.515	-3285.737	619.2221	1.628981	1.34477	0.8770502	4.161924
450	-2665.697	-3286.407	620.7102	1.80463	1.576741	0.6766991	3.238799
456	-2665.961	-3286.985	621.0246	1.80463	1.361485	0.7095484	3.12216
462	-2667.566	-3288.265	620.6989	1.678334	1.37535	0.7134544	3.379819
468	-2672.069	-3292.306	620.2361	1.707487	1.508546	0.8196302	3.498776
474	-2680.743	-3302.215	621.472	1.872345	1.187849	0.7542517	2.865966
480	-2667.93	-3289.935	622.0051	1.924973	1.252935	0.639689	2.564342
486	-2677.661	-3299.039	621.3778	1.773181	1.623416	0.6608185	2.851441
492	-2676.881	-3297.101	620.2199	1.596622	1.478653	0.5404898	3.801904
498	-2689.167	-3309.744	620.5773	1.671986	1.569052	0.5116053	3.540065
504	-2686.436	-3308.027	621.5908	1.998164	1.673013	0.5951188	2.619284
510	-2693.071	-3314.126	621.0546	1.790031	1.149775	0.6639969	3.254483
516	-2686.239	-3306.859	620.62	1.633482	1.364898	0.5727483	3.570866
522	-2718.759	-3339.125	620.3662	1.774952	2.34731	0.5829083	3.263967
528	-2697.464	-3318.184	620.7201	1.690082	1.657131	0.5486856	3.375906
534	-2700.256	-3320.508	620.2518	1.596745	1.684403	0.4990645	3.73817
540	-2699.151	-3319.927	620.7763	1.633341	1.401989	0.5705241	3.464882
546	-2711.794	-3332.755	620.9612	1.705473	1.557879	0.5818474	3.235849
552	-2706.338	-3326.944	620.6056	1.70337	1.316094	0.7847207	3.395838
558	-2690.41	-3310.971	620.5613	1.648738	1.44223	0.7847207	3.395838
564	-2683.151	-3302.816	619.6653	1.565132	1.414508	0.5920027	4.120322
570	-2682.05	-3302.112	620.062	1.541791	1.628388	0.7135588	3.721735
576	-2694.381	-3314.021	619.6404	1.573317	1.208886	0.7289619	4.119232
582	-2687.301	-3307.892	620.5916	1.647046	1.416029	0.6073484	3.526671
588	-2688.216	-3308.698	620.482	1.647046	1.720327	0.6073484	3.464398
594	-2688.28	-3309.029	620.7498	1.594079	1.383409	0.5754345	3.507394
600	-2678.718	-3299.434	620.7168	1.570073	1.33304	0.6428459	3.507394
606	-2694.882	-3315.426	620.5444	1.678808	1.206481	0.7062004	3.556662
612	-2710.417	-3330.425	620.0076	1.66431	1.44866	0.7062004	3.762601
618	-2707.049	-3327.864	620.8145	1.746777	1.499119	0.6774644	3.243832
624	-2700.82	-3320.767	619.9471	1.646654	1.255901	0.6351297	3.950477
630	-2690.474	-3310.349	619.8748	1.557082	1.393537	0.6412715	3.974562
636	-2693.702	-3313.927	620.2257	1.584107	1.464642	0.677587	3.697715
642	-2695.771	-3316.541	620.7701	1.949421	1.414555	0.8260803	3.078307
648	-2704.902	-3325.372	620.4697	1.885553	1.598035	1.044104	3.078307
654	-2688.808	-3309.168	620.3603	1.820308	1.885638	0.7090632	3.291101
660	-2683.375	-3302.922	619.5471	1.599046	1.977572	0.7293802	3.845506
666	-2679.334	-3299.699	620.3647	1.758233	1.444095	0.7533695	3.468291
672	-2688.297	-3309.247	620.9498	1.758233	1.444095	0.683214	3.176678
678	-2685.504	-3306.596	621.0911	1.780845	1.444095	0.683214	3.079093
684	-2687.578	-3308.49	620.912	1.782012	1.33305	0.6787944	3.23973
690	-2686.745	-3308.124	621.3792	1.63895	1.123866	0.5760419	3.23973
696	-2692.181	-3312.492	620.3112	1.515146	1.317858	0.896821	3.602051
702	-2672.159	-3292.49	620.3313	1.585492	1.800281	0.5562909	3.602051
708	-2685.61	-3305.588	619.9777	1.585492	1.429409	0.563935	3.947815
714	-2672.164	-3291.776	619.612	1.585492	1.576148	0.7341637	3.961207
720	-2678.697	-3298.969	620.2722	1.585492	1.576148	0.591216	3.692992
726	-2672.556	-3293.544	620.988	1.668743	1.418928	0.5911863	3.294202
732	-2676.226	-3296.592	620.3667	1.508869	1.418928	0.5173736	3.814991
738	-2682.694	-3301.871	619.1767	1.417437	1.765616	0.7785901	4.200892
744	-2666.263	-3285.823	619.5605	1.466284	1.472204	0.604558	4.200892
750	-2677.292	-3296.221	618.9287	1.431214	1.734007	0.6895962	4.408396
756	-2664.598	-3283.606	619.0082	1.40537	1.164692	0.7016706	4.612776
762	-2663.721	-3282.774	619.0528	1.540445	1.546833	0.5109921	4.496063
768	-2651.824	-3271.944	620.1196	1.558831	1.62898	0.5807187	3.784174
774	-2658.504	-3277.765	619.261	1.442683	1.629381	0.7329006	4.222227
780	-2670.248	-3289.733	619.4845	1.455213	1.514416	0.5833227	4.250265
786	-2714.715	-3334.251	619.5365	1.45623	1.514416	0.4033353	4.391156
792	-2700.262	-3320.457	620.1959	1.522358	1.385679	0.4033353	4.034599
798	-2677.979	-3296.297	618.318	1.478529	1.470467	0.4482421	5.032065
804	-2677.804	-3296.946	619.1421	1.562817	1.832472	0.5255522	4.311812
810	-2677.661	-3298.255	620.5948	1.68047	1.166875	0.5255522	3.696776
816	-2699.357	-3319.516	620.1591	1.652388	1.821815	0.6693179	3.561128
822	-2689.338	-3309.417	620.0782	1.5309	1.660396	0.6355767	3.766204
828	-2696.293	-3316.414	620.1205	1.620951	1.685296	0.7587885	3.586685
834	-2684.964	-3306.073	621.1095	1.715817	1.405642	0.5693759	3.219848
840	-2691.713	-3313.067	621.354	1.715817	1.108559	0.6105951	3.187504
846	-2690.027	-3311.187	621.1601	1.639459	1.314256	0.6771362	3.187504
852	-2697.954	-3316.871	618.9165	1.476349	2.870945	0.5408627	4.167652
858	-2681.352	-3299.324	617.9719	1.343586	2.042317	0.7060594	4.875455
864	-2678.964	-3297.688	618.7243	1.517616	1.744803	0.7255231	4.444754
870	-2679.34	-3296.957	617.6168	1.387226	1.823392	0.7255231	5.108046
876	-2677.91	-3296.883	618.9725	1.500209	1.500849	0.7028877	4.426168
882	-2676.21	-3296	619.7896	1.497462	1.458545	0.6545809	4.0185
888	-2677.174	-3297.616	620.4413	1.557572	1.455423	0.5971944	3.657128
894	-2679.917	-3300.274	620.3571	1.724526	1.490887	0.6764374	3.529542
900	-2699.255	-3319.241	619.9853	1.732511	2.051075	0.7100472	3.504018
906	-2688.401	-3308.752	620.3505	1.643785	1.631736	0.8375293	3.406039
912	-2693.076	-3313.695	620.6188	1.655024	1.647992	0.5093507	3.495937
918	-2686.919	-3307.743	620.8237	1.853433	1.725786	0.6188826	3.12947
924	-2679.54	-3300.806	621.2656	1.808138	1.537787	0.6006544	2.985436
930	-2668.981	-3289.917	620.9364	1.808138	2.291854	0.6853353	2.834515
936	-2666.858	-3287.503	620.6449	1.717635	1.586526	0.7738998	3.251843
942	-2689.623	-3308.511	618.8873	1.561102	2.048914	0.7785854	4.1856
948	-2672.152	-3292.146	619.9933	1.702993	1.750339	0.6949051	3.634879
954	-2671.185	-3291.548	620.3632	1.583247	1.307126	0.6587931	3.704475
960	-2673.88	-3295.148	621.2687	1.76913	1.307126	0.6587931	3.063868
966	-2670.129	-3291.03	620.9012	1.794029	1.258118	0.6237328	3.319874
972	-2658.28	-3278.34	620.0601	1.677512	1.829799	0.6237328	3.637568
978	-2671.238	-3291.305	620.0663	1.677349	1.396179	0.7884878	3.68536
984	-2668.422	-3288.146	619.7231	1.630243	1.542948	0.7261379	3.891238
990	-2660.801	-3281.177	620.3758	1.62676	1.542948	0.7883744	3.471254
996	-2656.008	-3275.412	619.4037	1.528611	1.324492	0.8163587	4.164083
1002	-2659.501	-3278.589	619.0889	1.628014	1.58823	0.860207	4.145279
1008	-2669.556	-3289.265	619.7085	1.717744	1.713985	0.8868804	3.672419
1014	-2677.146	-3297.637	620.4912	1.703595	1.611227	0.5917462	3.482442
1020	-2675.028	-3294.04	619.012	1.545566	1.58134	0.7206197	4.332714
1026	-2660.961	-3279.96	618.9989	1.471261	1.278613	0.8344784	4.435
1032	-2681.134	-3301.804	620.6698	1.692063	1.614263	0.6912449	3.302249
1038	-2680.519	-3300.933	620.4141	1.793714	1.577013	0.8039136	3.325942
1044	-2684.855	-3305.768	620.913	1.766723	1.555698	0.5638726	3.245047
1050	-2681.908	-3303.161	621.2534	1.723646	1.309846	0.5580679	3.185156
1056	-2691.037	-3311.898	620.8616	1.792181	1.309846	0.6744229	3.278039
1062	-2697.427	-3318.657	621.2296	1.786114	0.978735	0.8602816	3.107095
1068	-2700.48	-3321.447	620.9676	1.789062	1.714641	0.6971802	3.022725
1074	-2682.901	-3302.993	620.0922	1.813361	1.717586	0.8297934	3.429335
1080	-2686.683	-3307.599	620.9159	1.711832	1.369249	0.6348155	3.297239
1086	-2697.645	-3318.802	621.1575	1.641203	1.742417	0.4811716	3.177693
1092	-2690.022	-3311.304	621.2816	1.759842	1.307981	0.632823	3.08265
1098	-2693.007	-3313.011	620.0032	1.759842	1.387616	0.632823	3.793901
1104	-2691.702	-3312.146	620.4443	1.599066	1.387616	0.632823	3.631917
1110	-2684.06	-3304.561	620.5013	1.599066	1.27431	0.5999623	3.678942
1116	-2677.767	-3298.123	620.3554	1.624429	1.27431	0.6988718	3.669948
1122	-2675.655	-3295.204	619.5483	1.552196	1.254661	0.6116443	4.250902
1128	-2684.639	-3304.386	619.7471	1.656383	1.203798	0.7422076	4.0041
1134	-2671.467	-3291.598	620.1308	1.545772	1.312411	0.6642988	3.853183
1140	-2672.406	-3292.128	619.7216	1.576809	1.312411	0.6642988	4.069615
1146	-2675.334	-3295.489	620.155	1.723554	1.420605	0.6655687	3.686581
1152	-2673.904	-3294.484	620.58	1.79887	1.174451	0.7702286	3.435456
1158	-2685.89	-3305.924	620.034	1.7413	1.748861	0.641293	3.631488
1164	-2676.389	-3297.592	621.2023	1.722673	0.9989997	0.6247262	3.32345
1170	-2666.894	-3287.34	620.4462	1.650779	1.305982	0.6476966	3.626661
1176	-2672.284	-3293.26	620.9764	1.798415	1.180829	0.6539354	3.287444
1182	-2672.912	-3293.973	621.0604	1.835763	1.244495	0.7067983	3.141425
1188	-2668.179	-3289.788	621.609	1.72514	1.103744	0.4828819	3.151278
1194	-2679.864	-3302.58	622.7166	1.859854	1.040907	0.4807285	2.432286
1200	-2685.653	-3307.586	621.9327	1.774419	1.02823	0.6331748	2.831955
1206	-2700.765	-3322.746	621.9809	1.887075	1.149351	0.5847908	2.706895
1212	-2706.609	-3328.875	622.2655	1.887075	1.259133	0.6143674	2.444372
1218	-2696.094	-3317.258	621.1638	1.887075	1.496264	0.6143674	3.005453
1224	-2690.382	-3310.681	620.2985	1.751371	1.507988	0.6491822	3.562214
1230	-2692.934	-3313.452	620.5172	1.674267	1.536579	0.6518215	3.465484
1236	-2682.246	-3302.767	620.5206	1.643582	1.452873	0.7476748	3.444427
1242	-2694.641	-3314.986	620.3453	1.743223	1.405866	0.7123923	3.535513
1248	-2687.423	-3306.982	619.5591	1.658157	1.749026	0.8251956	3.819678
1254	-2684.59	-3302.781	618.1907	1.578537	1.481773	0.8507453	4.728663
1260	-2693.255	-3312.679	619.4242	1.530408	1.490582	0.8389402	4.06362
1266	-2703.401	-3324.529	621.1287	1.725498	1.255853	0.6141479	3.235262
1272	-2707.696	-3327.801	620.105	1.73681	1.443712	0.6315153	3.724681
1278	-2696.052	-3316.213	620.1615	1.73681	1.804172	0.6245355	3.553001
1284	-2680.971	-3301.464	620.4933	1.67729	1.405105	0.5373542	3.632315
1290	-2695.927	-3315.74	619.8128	1.523061	1.508873	0.5373542	4.067301
1296	-2692.475	-3313.038	620.5621	1.764192	1.274073	0.7159512	3.455706
1302	-2689.409	-3310.103	620.6937	1.723986	1.542638	0.6098621	3.364861
1308	-2683.107	-3303.878	620.7706	1.614946	1.359019	0.6098621	3.464805
1314	-2677.198	-3297.85	620.6528	1.695202	1.113748	0.8419128	3.436331
1320	-2672.855	-3293.259	620.4046	1.695202	1.38239	0.8600866	3.436331
1326	-2673.787	-3293.576	619.7891	1.689267	1.120238	0.8809529	3.911053
1332	-2670.979	-3290.341	619.3623	1.639491	1.612832	0.9610553	3.911053
1338	-2664.404	-3284.395	619.9913	1.67529	1.443848	0.8179483	3.688749
1344	-2666.63	-3286.477	619.8465	1.67529	1.914737	0.6150165	3.739227
1350	-2684.819	-3303.956	619.1369	1.493694	1.296502	0.7172259	4.416122
1356	-2692.603	-3312.151	619.5475	1.612983	1.258668	0.7172259	4.133873
1362	-2700.807	-3320.154	619.3473	1.609199	1.843549	0.6468527	4.063001
1368	-2693.148	-3312.548	619.3998	1.609199	1.766217	0.7888579	3.957234
1374	-2681.43	-3301.006	619.5763	1.624046	1.544502	0.5971469	4.078215
1380	-2703.964	-3323.467	619.5032	1.505234	1.555093	0.6802814	4.117306
1386	-2715.049	-3333.083	618.0339	1.544695	2.080333	0.6893423	4.728641
1392	-2696.435	-3314.121	617.6859	1.411501	1.630979	0.8081783	5.070695
1398	-2695.095	-3314.423	619.3287	1.482653	1.659425	0.6457433	4.214598
1404	-2686.652	-3305.743	619.0914	1.561014	1.827942	0.6818031	4.214598
1410	-2689.549	-3308.422	618.8733	1.515077	1.623375	0.7041338	4.423619
1416	-2690.634	-3309.521	618.8867	1.515077	1.623375	0.6938434	4.423619
1422	-2693.93	-3313.935	620.0044	1.622985	1.650812	0.8346776	3.614255
1428	-2702.307	-3322.923	620.6151	1.709014	1.373171	0.7977867	3.351032
1434	-2693.867	-3313.453	619.586	1.630217	2.099148	0.6872935	3.795991
1440	-2698.691	-3317.173	618.4821	1.4505	2.114511	0.5606702	4.621524
1446	-2703.45	-3322.439	618.9888	1.445427	1.675426	0.6922245	4.386472
1452	-2708.655	-3329.243	620.5885	1.770607	1.994717	0.6229473	3.215612
1458	-2701.386	-3321.444	620.0576	1.697662	1.710891	0.7702617	3.560621
1464	-2691.394	-3311.989	620.5949	1.68814	1.484706	0.6069257	3.470944
1470	-2693.381	-3313.123	619.7427	1.72902	1.431688	0.9134516	3.745203
1476	-2686.638	-3306.159	619.5204	1.590202	1.993004	0.66244	3.910888
1482	-2692.666	-3312.785	620.1189	1.68095	1.503405	0.6274842	3.726562
1488	-2702.489	-3322.198	619.7094	1.683915	1.764506	0.7121092	3.791769
1494	-2697.141	-3317.126	619.986	1.616774	1.577914	0.5966948	3.834671
1500	-2700.891	-3319.897	619.0066	1.616774	1.837607	0.830946	4.123252
1506	-2680.872	-3301.719	620.8476	1.664286	1.620591	0.5419824	3.336962
1512	-2687.714	-3308.369	620.6548	1.664286	1.38422	0.6344295	3.47173
1518	-2680.259	-3300.683	620.4236	1.612442	1.473788	0.5374527	3.680025
1524	-2675.358	-3296.098	620.7399	1.664597	1.473788	0.7656814	3.281097
1530	-2671.896	-3291.562	619.6657	1.686533	1.65576	0.7895664	3.801765
1536	-2676.332	-3296.072	619.7398	1.686533	1.866773	0.7726986	3.691765
1542	-2674.494	-3294.437	619.9435	1.678574	1.713575	0.6823674	3.701411
1548	-2668.046	-3287.515	619.4689	1.622363	1.623498	0.6823674	4.041153
1554	-2683.663	-3302.082	618.4198	1.382366	1.362358	0.628402	4.917019
1560	-2685.893	-3306.284	620.3906	1.582919	1.647072	0.5783936	3.608369
1566	-2677.408	-3298.402	620.994	1.555713	1.105862	0.5762335	3.524168
1572	-2683.817	-3303.03	619.2134	1.523036	1.505422	0.7620787	4.233039
1578	-2686.02	-3305.885	619.8656	1.369277	1.174926	0.5882834	4.233039
1584	-2685.666	-3303.391	617.7254	1.303634	1.662556	0.669035	5.193242
1590	-2692.225	-3310.114	617.8892	1.345239	1.814998	0.4681213	5.193242
1596	-2692.363	-3313.061	620.6976	1.571732	1.167669	0.6435781	3.598323
1602	-2669.377	-3289.391	620.0141	1.573721	1.159786	0.6448882	3.99385
1608	-2672.201	-3292.948	620.7475	1.709354	1.381266	0.6340927	3.392707
1614	-2674.924	-3295.164	620.2398	1.664002	1.419265	0.7330732	3.621591
1620	-2662.509	-3283.476	620.9666	1.664002	1.419265	0.5319482	3.362576
1626	-2665.238	-3285.741	620.5031	1.827936	1.873821	0.5242398	3.362576
1632	-2668.066	-3288.266	620.2006	1.663989	1.873821	0.5922945	3.574205
1638	-2670.931	-3290.184	619.2527	1.54798	1.542606	0.8284352	4.13656
1644	-2672.505	-3291.995	619.4899	1.57191	1.589409	0.6264142	4.115077
1650	-2680.89	-3299.951	619.0617	1.55488	1.973004	0.8349757	4.077474
1656	-2665.664	-3286.67	621.0065	1.789463	1.539948	0.6460544	3.112204
1662	-2688.534	-3308.929	620.3949	1.718038	1.590371	0.7837356	3.390229
1668	-2703.047	-3323.063	620.016	1.607851	1.590371	0.9791553	3.550163
1674	-2703.625	-3324.179	620.5538	1.799825	1.742715	0.7644698	3.201291
1680	-2709.947	-3330.653	620.7069	1.794625	1.37882	0.8571402	3.203445
1686	-2723.207	-3343.689	620.4823	1.797551	1.37882	1.073484	3.202801
1692	-2694.982	-3316.444	621.4622	1.777226	1.209504	0.5631723	3.074514
1698	-2675.995	-3297.361	621.3657	1.852892	1.219767	0.5665454	3.078613
1704	-2684.86	-3305.288	620.4277	1.791073	1.385003	0.7834211	3.417414
1710	-2682.071	-3302.674	620.603	1.805378	1.370607	0.7383549	3.345195
1716	-2682.18	-3302.666	620.4855	1.74509	1.313994	0.779495	3.446368
1722	-2686.687	-3306.31	619.6233	1.643953	1.887509	0.7210258	3.813168
1728	-2697.002	-3316.677	619.6755	1.596035	1.682854	0.6914409	3.908085
1734	-2689.981	-3310.336	620.3544	1.596134	1.502487	0.6971358	3.58497
1740	-2692.759	-3312.394	619.6352	1.692727	1.252143	0.7942845	3.987399
1746	-2685.485	-3305.746	620.2606	1.692727	1.403924	0.6275673	3.681017
1752	-2688.406	-3308.649	620.2425	1.627379	1.483516	0.5735327	3.739845
1758	-2670.672	-3290.435	619.7625	1.556176	1.686415	0.689746	3.880984
1764	-2672.946	-3292.878	619.9325	1.556176	1.572689	0.6225096	3.880984
1770	-2676.866	-3297.045	620.1782	1.458186	1.581201	0.5397312	3.863488
1776	-2659.265	-3277.178	617.9127	1.453433	1.738102	0.8129565	4.878202
1782	-2689.472	-3306.224	616.7525	1.461485	1.903267	0.9614201	5.368761
1788	-2687.913	-3307	619.0861	1.550422	1.708597	0.9181904	4.108197
1794	-2684.709	-3304.429	619.7201	1.524222	1.773591	0.7154588	3.871618
1800	-2700.3	-3320.074	619.7735	1.64706	1.908238	0.5674872	3.840033
1806	-2687.596	-3306.59	618.9948	1.56348	2.128493	0.7527953	4.11535
1812	-2682.296	-3301.577	619.2804	1.381358	1.541113	0.5720844	4.405941
1818	-2687.707	-3308.136	620.4287	1.51152	1.396262	0.5609441	3.748405
1824	-2690.273	-3309.837	619.5645	1.411547	2.082468	0.5863708	4.019835
1830	-2675.42	-3294.833	619.4133	1.442112	1.995629	0.5427016	4.154907
1836	-2660.814	-3279.841	619.0271	1.507391	1.968602	0.8728629	4.101477
1842	-2668.497	-3288.111	619.6135	1.625277	1.562141	0.8649812	3.854499
1848	-2668.535	-3288.081	619.5464	1.558701	1.960054	0.7580743	3.854499
1854	-2684.855	-3304.853	619.9978	1.664032	2.487499	0.7005217	3.408213
1860	-2668.067	-3288.576	620.5092	1.821388	1.878617	0.6597584	3.243616
1866	-2667.716	-3288.16	620.4446	1.733034	2.249213	0.6169478	3.243616
1872	-2669.348	-3289.781	620.4331	1.794373	1.745109	0.6949966	3.326643
1878	-2665.351	-3285.101	619.7503	1.806367	2.191209	0.6949966	3.56352
1884	-2673.407	-3294.215	620.8088	1.804114	2.053813	0.7117963	2.972272
1890	-2676.616	-3297.589	620.973	1.834241	1.719002	0.5126399	3.150707
1896	-2669.176	-3290.182	621.0056	1.825052	1.487072	0.5742508	3.175879
1902	-2677.415	-3297.297	619.8821	1.670031	1.82963	0.7657796	3.637196
1908	-2662.419	-3282.159	619.7405	1.587602	2.011028	0.7429385	3.719483
1914	-2670.033	-3290.479	620.446	1.587602	1.228765	0.7189101	3.646137
1920	-2670.926	-3291.354	620.4279	1.587602	1.319663	0.6457554	3.668988
1926	-2658.117	-3277.082	618.9649	1.551206	1.810009	0.7049853	4.281066
1932	-2664.233	-3283.315	619.082	1.644944	1.612465	0.6952719	4.243052
1938	-2686.415	-3306.817	620.4017	1.719867	1.372512	0.5209914	3.690463
1944	-2672.825	-3293.196	620.371	1.863485	1.69782	0.7351833	3.310595
1950	-2678.512	-3299.285	620.7732	1.776246	1.467998	0.8383565	3.147123
1956	-2675.687	-3296.304	620.6165	1.776246	1.521714	0.6792169	3.332116
1962	-2673.127	-3293.887	620.7603	1.79942	1.12286	0.7484618	3.372312
1968	-2661.795	-3282.448	620.6524	1.75805	1.305315	0.5975647	3.485885
1974	-2676.42	-3297.159	620.739	1.754294	1.221872	0.7634101	3.348915
1980	-2690.368	-3311.178	620.8096	1.791518	1.221872	0.73059	3.309485
1986	-2681.446	-3301.952	620.5056	1.760564	1.547438	0.7565845	3.337465
1992	-2672.069	-3292.595	620.526	1.744983	1.252991	0.7441592	3.47758
1998	-2672.215	-3293.64	621.425	1.824155	1.231457	0.5783372	3.043782
2004	-2664.811	-3285.729	620.9176	1.898868	1.766931	0.7006479	2.963626
2010	-2671.433	-3291.991	620.5574	1.871792	1.76421	0.7510715	3.157932
2016	-2676.545	-3297.56	621.0151	1.833527	1.371835	0.7288681	3.091042
2022	-2679.81	-3301.721	621.9111	1.878426	1.513628	0.5505011	2.605887
2028	-2693.183	-3315.136	621.9529	1.699211	1.072106	0.5505011	2.913198
2034	-2696.693	-3317.827	621.1336	1.765835	1.242006	0.7868766	3.081504
2040	-2694.05	-3313.923	619.873	1.594869	1.675013	0.8217567	3.705743
2046	-2680.998	-3300.257	619.2593	1.594869	1.687619	0.6398957	4.18408
2052	-2679.47	-3299.056	619.5864	1.623065	1.915052	0.6398957	3.898615
2058	-2665.756	-3285.878	620.1226	1.558727	2.39767	0.5786311	3.522235
2064	-2674.544	-3294.281	619.737	1.557494	1.61418	0.6826616	3.928452
2070	-2671.362	-3291.12	619.7582	1.673677	1.560336	0.6104839	3.928452
2076	-2679.247	-3299.455	620.2083	1.673677	1.247687	0.7656314	3.690836
2082	-2675.839	-3296.327	620.4882	1.651908	1.422275	0.5997051	3.587685
2088	-2676.955	-3295.39	618.4348	1.59676	1.914317	0.8888225	4.394996
2094	-2673.06	-3291.871	618.8115	1.416931	1.914317	0.7155801	4.399336
2100	-2650.451	-3271.578	621.1261	1.734906	1.516551	0.6533395	3.077538
2106	-2660.435	-3280.865	620.4304	1.674493	1.581605	0.587005	3.550961
2112	-2677.757	-3298.487	620.7297	1.595813	1.515535	0.4777323	3.550961
2118	-2674.828	-3294.6	619.7716	1.520943	1.353738	0.7730188	3.974664
2124	-2673.404	-3293.064	619.6595	1.530588	1.695532	0.5979232	4.023793
2130	-2671.402	-3291.633	620.2304	1.659473	1.204916	0.5934793	3.8398
2136	-2672.597	-3291.446	618.8484	1.394525	1.381936	0.702741	4.606094
2142	-2672.792	-3291.982	619.1899	1.438416	1.682319	0.5666859	4.374065
2148	-2673.536	-3292.032	618.4962	1.424946	2.057134	0.6996561	4.536483
2154	-2678.28	-3297.511	619.2303	1.567311	1.771031	0.5688658	4.243405
2160	-2665.212	-3285.064	619.8513	1.518978	1.132982	0.7404294	4.060229
2166	-2663.374	-3282.719	619.3458	1.585097	1.445123	0.7551223	4.152915
2172	-2682.115	-3303.499	621.3834	1.827013	1.356128	0.8153789	2.817633
2178	-2672.704	-3293.558	620.8541	2.029013	1.823963	0.8153789	2.816011
2184	-2671.836	-3291.959	620.1231	1.677451	1.469689	0.7224406	3.667136
2190	-2664.949	-3285.162	620.213	1.677765	1.528275	0.6671784	3.631823
2196	-2677.967	-3298.281	620.3136	1.621666	1.058098	0.6423346	3.850653
2202	-2670.451	-3290.693	620.2422	1.805513	1.521893	0.8273206	3.427076
2208	-2661.574	-3281.974	620.3997	1.765609	2.044276	0.5934787	3.337957
2214	-2649.698	-3270.155	620.4578	1.749198	2.044276	0.6047063	3.303787
2220	-2670.079	-3290.797	620.7179	1.781688	1.349972	0.6695025	3.353644
2226	-2672.567	-3292.631	620.0637	1.687854	1.349972	0.6695025	3.788665
2232	-2660.766	-3280.421	619.655	1.63386	1.39077	0.6610445	4.042039
2238	-2658.399	-3278.323	619.9235	1.693186	1.723306	0.6610445	3.717314
2244	-2679.664	-3299.569	619.9046	1.707197	1.51559	1.058162	3.542949
2250	-2680.252	-3300.142	619.8899	1.78845	1.835211	0.9354019	3.450068
2256	-2672.782	-3292.687	619.905	1.823791	1.734277	0.9490261	3.450068
2262	-2686.088	-3306.657	620.5687	1.823791	1.69874	0.8429821	3.140571
2268	-2679.977	-3300.277	620.2998	1.739893	1.640339	0.6951295	3.477673
2274	-2675.673	-3295.935	620.2619	1.671551	1.74892	0.6779948	3.510551
2280	-2697.23	-3317.085	619.8555	1.799948	1.618888	0.7960693	3.636801
2286	-2697.676	-3317.81	620.134	1.754325	1.990201	0.5843109	3.526411
2292	-2695.321	-3315.683	620.3624	1.777832	1.56875	0.6589075	3.476284
2298	-2690.57	-3310.875	620.3056	2.00753	1.854945	0.8608311	3.115986
2304	-2682.469	-3303.58	621.1114	2.00753	1.473804	1.041114	2.67192
2310	-2672.348	-3293.273	620.9248	2.00753	1.592486	0.7902681	2.897297
2316	-2666.396	-3286.475	620.0797	1.714682	1.67625	0.7991006	3.531188
2322	-2668.861	-3289.562	620.7011	1.715935	1.307857	0.7682064	3.348034
2328	-2692.147	-3312.435	620.2877	1.739571	2.02532	0.7682064	3.288645
2334	-2684.345	-3304.41	620.0652	1.594483	1.703992	0.7453017	3.636553
2340	-2673.522	-3294.285	620.7632	1.805499	1.760332	0.5740134	3.219348
2346	-2683.081	-3303.376	620.2952	1.618269	1.748784	0.5052382	3.670171
2352	-2681.633	-3301.88	620.2465	1.618269	1.595053	0.5373823	3.728485
2358	-2677.871	-3297.637	619.7653	1.717148	1.595053	0.8104376	3.736642
2364	-2679.562	-3298.601	619.0397	1.544047	2.075432	0.7883815	4.093297
2370	-2684.904	-3303.646	618.7423	1.544047	1.620241	0.8456292	4.385816
2376	-2678.023	-3297.756	619.7332	1.593033	2.183517	0.6753822	3.714604
2382	-2658.346	-3278.087	619.741	1.519139	1.784043	0.6753822	3.888726
2388	-2673.683	-3293.421	619.7378	1.658058	2.340712	0.6088619	3.679254
2394	-2672.376	-3292.002	619.6262	1.655698	1.905966	0.6714877	3.835447
2400	-2672.781	-3292.412	619.631	1.661741	1.783443	0.7725748	3.799217
2406	-2663.482	-3282.984	619.5026	1.66111	1.744341	0.7725748	3.887943
2412	-2677.168	-3297.159	619.9911	1.64434	1.758231	0.7137887	3.653045
2418	-2672.528	-3292.22	619.692	1.664207	1.682878	0.9431165	3.69013
2424	-2681.625	-3302.481	620.8557	1.751131	1.803373	0.6489963	3.116402
2430	-2694.577	-3315.807	621.2307	1.797339	1.428953	0.6065416	3.055983
2436	-2709.034	-3328.949	619.9157	1.678359	1.494335	0.5962653	3.874634
2442	-2682.953	-3304.51	621.5573	2.029587	1.371558	0.6875248	2.676722
2448	-2692.834	-3314.58	621.746	1.96429	1.599336	0.6832983	2.499125
2454	-2693.187	-3314.713	621.5267	1.981833	1.773729	0.7495664	2.499125
2460	-2680.344	-3301.356	621.0116	1.841903	1.320052	0.8033546	3.058578
2466	-2672.551	-3292.017	619.4653	1.636927	1.961792	0.7939324	3.830681
2472	-2667.096	-3286.555	619.4587	1.563272	1.505394	0.866323	4.001347
2478	-2671.687	-3292.768	621.081	1.649724	1.505394	0.571427	3.229609
2484	-2688.679	-3308.404	619.7252	1.691562	1.400151	0.7985097	3.865146
2490	-2688.858	-3307.473	618.6153	1.624419	1.341354	0.9745778	4.450851
2496	-2695.345	-3315.619	620.2742	1.748475	1.513009	0.7526286	3.497503
2502	-2684.047	-3304.47	620.4224	1.62878	1.330344	0.7847891	3.539656
2508	-2676.101	-3295.928	619.8261	1.690085	2.10188	0.6161289	3.678252
2514	-2683.108	-3302.661	619.553	1.59589	1.948322	0.8016511	3.803247
2520	-2697.552	-3317.689	620.137	1.664767	1.966486	0.5834672	3.585658
2526	-2697.476	-3316.719	619.2438	1.548164	2.005126	0.7056174	4.05632
2532	-2685.613	-3304.272	618.6597	1.489508	1.510006	0.7092103	4.599706
2538	-2679.068	-3296.437	617.369	1.359322	2.359827	0.6292645	5.162976
2544	-2660.269	-3279.285	619.0157	1.623119	2.073023	0.6761536	4.143226
2550	-2668.671	-3287.525	618.8539	1.453449	2.172102	0.6761536	4.299791
2556	-2657.909	-3277.663	619.7541	1.563889	1.431065	0.6761536	3.996034
2562	-2682.3	-3302.412	620.1124	1.743272	1.258058	0.7530595	3.709911
2568	-2696.703	-3315.3	618.5976	1.482272	1.348408	0.6039235	4.787841
2574	-2688.662	-3307.31	618.6481	1.382949	1.480808	0.6726528	4.704792
2580	-2697.577	-3316.333	618.7556	1.393363	1.682852	0.6530431	4.573755
2586	-2685.679	-3304.481	618.8014	1.507762	1.509632	0.6250501	4.573755
2592	-2701.563	-3321.499	619.9357	1.619336	1.707872	0.7859036	3.667003
2598	-2708.169	-3327.917	619.7487	1.722469	1.1037	0.6539247	4.082461
2604	-2682.945	-3300.181	617.2359	1.338281	1.308053	0.7381638	5.539686
2610	-2674.885	-3294.932	620.0469	1.550676	1.776191	0.5450027	3.805557
2616	-2671.111	-3290.701	619.5904	1.619903	1.93047	0.5611416	3.958397
2622	-2669.322	-3289.339	620.0175	1.652053	1.87921	0.554417	3.71826
2628	-2666.578	-3287.371	620.7937	1.826028	1.679758	0.554417	3.238226
2634	-2671.729	-3293.339	621.6098	1.934943	1.476616	0.5949816	2.732084
2640	-2683.879	-3305.369	621.4897	1.754775	1.867861	0.695747	2.668389
2646	-2672.429	-3292.928	620.4997	1.709473	1.999705	0.5680629	3.349622
2652	-2671.857	-3292.313	620.456	1.709473	1.5992	0.6464826	3.458987
2658	-2691.366	-3311.547	620.1813	1.646284	1.775453	0.8206752	3.458987
2664	-2679.622	-3300.067	620.4451	1.646284	1.228875	0.7333209	3.601976
2670	-2677.329	-3297.416	620.0872	1.576222	1.228875	0.651827	3.910488
2676	-2685.098	-3305.409	620.3115	1.544618	1.162981	0.6671579	3.820924
2682	-2682.503	-3301.817	619.3138	1.610076	1.520836	0.8676976	4.05007
2688	-2682.875	-3301.79	618.9145	1.400527	1.031751	0.7043159	4.735489
2694	-2689.278	-3308.23	618.9518	1.560949	1.724508	0.8383328	4.222606
2700	-2673.098	-3291.861	618.763	1.600328	1.87363	0.7699416	4.298913
2706	-2666.955	-3286.05	619.0957	1.585023	1.643331	0.7699416	4.203865
2712	-2671.859	-3290.098	618.2381	1.541638	1.618035	0.8120174	4.693059
2718	-2674.991	-3294.251	619.2601	1.483276	1.798058	0.5490487	4.281462
2724	-2674.284	-3294.114	619.8309	1.618496	1.869415	0.5984575	3.810697
2730	-2658.775	-3278.754	619.9789	1.566669	1.348837	0.6713659	3.90613
2736	-2654.482	-3273.912	619.4302	1.434653	1.294587	0.5252994	4.439084
2742	-2663.936	-3283.397	619.4611	1.657765	1.354036	0.8583568	4.017005
2748	-2664.277	-3284.256	619.9788	1.719667	1.305358	0.8583568	3.706613
2754	-2666.543	-3286.534	619.9912	1.713241	1.737902	0.7526651	3.592313
2760	-2658.826	-3279.028	620.2018	1.693712	1.377933	0.7673873	3.620347
2766	-2668.592	-3288.614	620.022	1.612587	1.780872	0.7387092	3.626759
2772	-2683.59	-3304.038	620.4475	1.74629	1.780872	0.7393317	3.299462
2778	-2674.042	-3294.383	620.3401	1.753024	1.536238	0.7393317	3.456195
2784	-2689.175	-3310.005	620.8298	1.629709	1.309207	0.596582	3.456195
2790	-2683.564	-3303.02	619.4555	1.650483	1.372955	0.6425152	4.168538
2796	-2683.353	-3302.515	619.1613	1.435385	1.902293	0.6058431	4.279634
2802	-2675.035	-3293.796	618.7607	1.37728	1.109559	0.6058431	4.868124
2808	-2679.94	-3298.681	618.7407	1.371673	1.407091	0.699563	4.670619
2814	-2681.459	-3300.109	618.6507	1.386212	1.556788	0.6909727	4.657025
2820	-2673.901	-3294.12	620.2186	1.642297	1.557535	0.6909727	3.618612
2826	-2671.397	-3291.909	620.5118	1.642297	1.557535	0.5930109	3.527132
2832	-2662.85	-3282.72	619.8697	1.611343	1.281915	0.6558743	3.986178
2838	-2663.275	-3283.6	620.3251	1.611343	1.336049	0.6251523	3.723681
2844	-2647.381	-3268.088	620.7065	1.610679	1.475466	0.5357806	3.517544
2850	-2667.245	-3287.891	620.6461	1.828684	1.569633	0.7188621	3.23296
2856	-2663.409	-3284.016	620.6068	1.726385	1.289172	0.5330067	3.595646
2862	-2663.223	-3283.275	620.0522	1.764986	1.310532	0.7011269	3.745032
2868	-2678.426	-3299.003	620.5761	1.830759	1.31315	0.8150491	3.31868
2874	-2678.353	-3299.399	621.0459	1.744086	1.080367	0.6731927	3.31714
2880	-2673.739	-3294.99	621.2517	1.798269	1.136612	0.5612471	3.227244
2886	-2670.411	-3290.93	620.5187	1.831784	1.686435	0.6636731	3.301579
2892	-2679.355	-3300.53	621.1753	1.820529	1.686435	0.658576	2.92117
2898	-2676.531	-3297.895	621.3643	1.773928	1.483995	0.6969844	2.890381
2904	-2685.308	-3305.402	620.0943	1.784874	1.568468	0.6969844	3.598882
2910	-2678.469	-3297.803	619.3345	1.64498	2.026087	0.7545413	3.906823
2916	-2693.471	-3313.056	619.5847	1.658002	1.271437	0.7545413	4.054268
2922	-2686.152	-3305.658	619.5054	1.650293	1.282355	0.7527741	4.099914
2928	-2686.736	-3306.435	619.699	1.657611	1.642836	0.6953961	3.871908
2934	-2690.519	-3309.038	618.5186	1.552581	1.537726	0.7617603	4.595137
2940	-2694.389	-3312.129	617.7399	1.464186	1.55343	0.9081348	4.979392
2946	-2703.556	-3321.737	618.1812	1.464186	1.55343	0.6558315	4.903264
2952	-2701.492	-3321.744	620.2514	1.638788	1.29161	0.5812281	3.807839
2958	-2685.805	-3304.343	618.538	1.562695	1.392813	0.7739776	4.631074
2964	-2683.022	-3301.91	618.8878	1.556486	1.392813	1.034062	4.278902
2970	-2698.946	-3315.337	616.3904	1.343196	1.919819	0.7426421	5.762994
2976	-2683.317	-3301.771	618.4536	1.320882	1.128105	0.5885927	5.07473
2982	-2679.937	-3298.597	618.6601	1.407358	1.923218	0.5885927	4.584921
2988	-2679.819	-3298.839	619.0197	1.526427	1.52816	0.8643229	4.263868
2994	-2669.916	-3289.601	619.6852	1.580206	1.547609	0.9374342	3.800146
3000	-2673.145	-3291.777	618.6321	1.445557	1.78071	0.8034453	4.470581
3006	-2670.389	-3289.714	619.3247	1.536221	1.181496	0.8130454	4.275198
3012	-2674.846	-3293.806	618.9609	1.524052	1.162669	0.8130454	4.496781
3018	-2692.68	-3313.1	620.4208	1.601419	1.344243	0.7653448	3.563708
3024	-2683.796	-3304.267	620.4715	1.741626	1.233136	0.7014428	3.552792
3030	-2677.048	-3297.348	620.3002	1.71371	1.395038	0.7014428	3.591983
3036	-2697.173	-3317.734	620.5611	1.709766	1.315698	0.6947838	3.484128
3042	-2683.611	-3304.548	620.9371	1.679114	1.035856	0.6055001	3.499136
3048	-2692.323	-3312.536	620.2135	1.594385	1.267958	0.6111939	3.841278
3054	-2691.602	-3312.143	620.5407	1.717905	1.50532	0.6111939	3.472783
3060	-2687.452	-3307.297	619.8457	1.586314	1.493751	0.5889984	3.973851
3066	-2676.176	-3294.746	618.5702	1.407023	1.283534	0.8102129	4.725146
3072	-2676.004	-3295.962	619.9578	1.548312	1.082175	0.6383796	4.086236
3078	-2687.502	-3307.693	620.1906	1.595901	1.230921	0.6383796	3.849489
3084	-2675.988	-3296.594	620.6052	1.717043	1.333013	0.778966	3.384097
3090	-2675.136	-3295.459	620.3224	1.543269	1.131759	0.6178131	3.870878
3096	-2664.89	-3284.358	619.4678	1.523506	1.377477	0.6572999	4.220063
3102	-2671.508	-3291.707	620.1994	1.52789	0.9733498	0.6784328	3.989829
3108	-2661.521	-3283.056	621.5352	1.779967	1.139963	0.7178045	2.936977
3114	-2662.589	-3283.05	620.4602	1.814251	1.803459	0.6173185	3.339214
3120	-2666.567	-3287.291	620.7241	1.788862	1.515653	0.5625876	3.361451
3126	-2654.337	-3274.95	620.6131	1.686613	1.287555	0.5625876	3.589214
3132	-2673.956	-3293.314	619.3579	1.656681	1.691002	0.8087528	3.968883
3138	-2672.381	-3292.71	620.329	1.620314	2.023628	0.5640538	3.497155
3144	-2685.29	-3306.146	620.8558	1.843718	2.023628	0.6372292	2.99065
3150	-2663.216	-3283.243	620.0265	1.707734	1.898878	0.7951129	3.485776
3156	-2674.213	-3293.738	619.5257	1.707734	1.711897	0.7951129	3.844664
3162	-2673.972	-3293.657	619.6843	1.671967	1.493952	0.8074386	3.853171
3168	-2676.443	-3296.116	619.6735	1.607291	1.866717	0.6673012	3.853171
3174	-2689.254	-3308.662	619.4077	1.589986	2.133439	0.7780613	3.84488
3180	-2685.672	-3305.022	619.3495	1.564853	1.879547	0.6834594	4.046105
3186	-2677.657	-3297.293	619.6357	1.623562	1.955523	0.7989066	3.738954
3192	-2668.6	-3287.988	619.388	1.517779	1.720208	0.6341398	4.147022
3198	-2689.462	-3309.354	619.8922	1.654338	1.856056	0.7261283	3.659407
3204	-2685.967	-3306.025	620.0581	1.618274	1.865332	0.6974452	3.602171
3210	-2678.731	-3298.539	619.8081	1.579277	1.927224	0.6974452	3.747517
3216	-2682.497	-3302.726	620.2292	1.669241	1.949823	0.7333032	3.415905
3222	-2680.477	-3302.254	621.7771	1.88498	1.356483	0.6761192	2.647064
3228	-2685.234	-3306.899	621.6645	1.935553	1.622897	0.7385537	2.513371
3234	-2715.111	-3335.801	620.6899	1.807529	1.702859	0.7158575	3.167607
3240	-2701.668	-3322.597	620.9297	1.74451	1.411517	0.7158575	3.186252
3246	-2689.942	-3310.056	620.1144	1.754202	1.382771	0.8056976	3.60718
3252	-2683.952	-3304.516	620.5643	1.845249	1.626431	0.7207691	3.246593
3258	-2684.199	-3304.877	620.6783	1.696762	1.777914	0.7207691	3.20731
3264	-2689.337	-3309.889	620.552	1.90375	1.573546	0.5850875	3.350795
3270	-2666.501	-3286.021	619.5193	1.612057	1.496446	0.7660133	4.00933
3276	-2667.128	-3286.575	619.447	1.661506	1.320764	0.5044928	4.308473
3282	-2683.924	-3304.152	620.228	1.607862	1.129061	0.6166752	3.890346
3288	-2688.759	-3308.873	620.1141	1.611388	1.279478	0.6278738	3.869505
3294	-2693.447	-3314.821	621.3736	2.028946	1.709876	0.7373818	2.600441
3300	-2678.641	-3299.962	621.3207	1.800727	1.40195	0.5902694	3.026747
3306	-2671.397	-3292.669	621.2714	1.800727	1.650472	0.6593623	2.889124
3312	-2663.693	-3285.267	621.5739	1.862885	1.569143	0.5242507	2.822902
3318	-2678.482	-3299.4	620.918	1.831901	1.565529	0.8086419	3.005501
3324	-2684.96	-3304.456	619.4958	1.635547	1.57909	0.8239082	3.935968
3330	-2673.691	-3293.677	619.9857	1.651865	1.110847	0.8193819	3.864536
3336	-2677.794	-3298.474	620.6792	1.588681	1.305042	0.6017793	3.565529
3342	-2692.684	-3313.882	621.1985	1.884786	1.624355	0.5417609	2.996305
3348	-2681.967	-3303.141	621.1732	1.677904	1.863956	0.5730534	3.012851
3354	-2679.782	-3300.81	621.0286	1.677904	1.582922	0.5464378	3.2336
3360	-2662.532	-3281.163	618.6315	1.504936	1.449138	0.6277342	4.693611
3366	-2671.485	-3290.166	618.6811	1.487457	1.449138	0.7065709	4.61608
3372	-2674.003	-3293.396	619.3929	1.486996	1.40281	0.6867937	4.249634
3378	-2680.132	-3300.53	620.398	1.830664	1.399208	0.8207134	3.379408
3384	-2680.127	-3301.287	621.1602	1.849647	1.874958	0.7343642	2.779107
3390	-2663.626	-3284.114	620.4886	1.876105	1.424363	0.8329808	3.279654
3396	-2667.357	-3288.053	620.6963	1.673077	1.221637	0.6080328	3.541879
3402	-2677.503	-3296.946	619.4428	1.490881	1.221637	0.7482954	4.25825
3408	-2673.12	-3292.285	619.1653	1.656614	1.137446	0.5447496	4.522326
3414	-2667.191	-3288.364	621.1725	1.648563	1.306936	0.6934177	3.165527
3420	-2678.813	-3300.253	621.4404	1.670754	1.427656	0.5338562	3.072434
3426	-2675.079	-3295.637	620.558	1.729825	1.595601	0.5878922	3.437727
3432	-2676.725	-3297.533	620.8084	1.609084	1.427401	0.5704055	3.448994
3438	-2680.655	-3301.249	620.5943	1.62319	1.484221	0.660307	3.465863
3444	-2682.175	-3303.01	620.8351	1.679711	1.484221	0.5596735	3.376499
3450	-2690.858	-3312.248	621.3901	1.679711	1.253027	0.6154634	3.107574
3456	-2694.54	-3314.754	620.214	1.577008	1.461712	0.5391835	3.825003
3462	-2708.127	-3327.569	619.4412	1.607793	1.46696	0.7570103	4.075072
3468	-2693.365	-3312.248	618.8825	1.496362	1.414091	0.7574472	4.476898
3474	-2707.363	-3327.531	620.1683	1.703797	1.390612	0.6103102	3.748101
3480	-2700.022	-3320.307	620.2846	1.700165	1.919323	0.783932	3.339533
3486	-2697.236	-3317.886	620.6505	1.815414	1.846722	0.5617451	3.258589
3492	-2684.6	-3304.353	619.7526	1.629746	1.881698	0.8043836	3.689977
3498	-2682.113	-3302.376	620.2634	1.728961	1.31478	0.7500205	3.605774
3504	-2687.794	-3307.716	619.9224	1.728961	1.481858	0.9357088	3.605774
3510	-2699.629	-3319.338	619.7085	1.588445	1.423826	0.6810917	4.007505
3516	-2694.497	-3314.236	619.7396	1.716836	1.938472	0.6877691	3.711019
3522	-2687.716	-3308.373	620.6578	1.586158	1.258514	0.6446052	3.566602
3528	-2679.36	-3299.001	619.6411	1.490244	1.30505	0.7225922	4.124665
3534	-2685.783	-3304.151	618.3682	1.561882	1.459059	0.7225922	4.73393
3540	-2667.011	-3286.723	619.7118	1.537721	1.614888	0.5905188	4.027402
3546	-2654.203	-3272.978	618.775	1.563748	1.614888	0.7812834	4.40066
3552	-2662.952	-3281.69	618.7381	1.508296	1.698924	0.8110373	4.40066
3558	-2669.023	-3289.013	619.99	1.553649	1.487119	0.6934448	3.829485
3564	-2671.738	-3291.656	619.918	1.654485	1.345653	0.5890259	3.958387
3570	-2676.066	-3296.351	620.2853	1.652776	1.678872	0.5890259	3.60725
3576	-2683.447	-3303.254	619.8063	1.622325	1.73292	0.6407342	3.838108
3582	-2685.094	-3304.365	619.2711	1.589793	2.140934	0.654058	4.011886
3588	-2677.371	-3297.822	620.4517	1.745825	2.241189	0.529279	3.312204
3594	-2669.395	-3290.489	621.0937	1.789154	2.241189	0.8382849	2.651768
3600	-2670.05	-3291.455	621.405	1.735159	1.494848	0.6170893	2.950039
3606	-2668.793	-3289.542	620.7494	1.779712	1.767428	0.6723322	3.157467
3612	-2661.707	-3282.882	621.1755	1.738716	1.444405	0.6984229	3.041747
3618	-2670.895	-3292.304	621.4087	1.800197	1.420059	0.6539708	2.911458
3624	-2667.892	-3289.036	621.1434	1.785438	1.646189	0.6539708	2.981664
3630	-2677.772	-3298.194	620.4214	1.758817	2.120581	0.6446173	3.260758
3636	-2686.923	-3307.777	620.8541	1.7845	1.978022	0.8014489	2.916997
3642	-2712.43	-3333.102	620.6714	1.742923	1.636683	0.6411483	3.302072
3648	-2706.127	-3328.144	622.0175	1.835894	1.100546	0.652511	2.684123
3654	-2684.278	-3305.365	621.0868	1.881469	1.471492	0.6981535	2.997395
3660	-2700.002	-3321.521	621.5186	1.756232	1.845373	0.5460496	2.788777
3666	-2688.013	-3309.32	621.307	1.818559	1.546522	0.7313027	2.843779
3672	-2682.38	-3302.912	620.5319	1.591398	1.760552	0.5593026	3.494054
3678	-2688.23	-3308.174	619.944	1.702125	1.805645	0.9124167	3.494054
3684	-2693.396	-3314.574	621.1781	1.769707	1.312701	0.6866428	3.092612
3690	-2681.95	-3301.946	619.9961	1.726384	2.177421	0.739162	3.438261
3696	-2678.13	-3298.801	620.6702	1.765848	1.453677	0.5686807	3.428049
3702	-2688.674	-3308.984	620.3099	1.728632	1.436008	0.7992658	3.488841
3708	-2687.975	-3308.636	620.6605	1.819557	1.504198	0.6686001	3.296581
3714	-2676.897	-3297.569	620.6713	1.678891	1.437448	0.7810685	3.318256
3720	-2677.65	-3297.274	619.6237	1.62128	1.459302	0.6796228	4.022908
3726	-2681.655	-3302.916	621.2602	1.92324	1.478365	0.6796228	2.879363
3732	-2698.693	-3319.564	620.8717	1.634923	1.328657	0.617388	3.401874
3738	-2693.987	-3314.287	620.3	1.709899	1.576718	0.6130216	3.58621
3744	-2693.942	-3314.581	620.6395	1.669346	1.639382	0.6900221	3.324212
3750	-2696.237	-3317.091	620.8532	1.750633	1.561088	0.5579268	3.292877
3756	-2684.199	-3304.487	620.2883	1.683006	1.399683	0.5958253	3.698883
3762	-2679.393	-3299.471	620.0772	1.683006	1.644353	0.6188143	3.698883
3768	-2675.767	-3295.453	619.6858	1.811922	1.574506	0.8828392	3.688807
3774	-2688.14	-3310.044	621.9035	1.811922	1.297476	0.6347232	2.678322
3780	-2688.14	-3309.601	621.4612	1.829516	1.478891	0.6182167	2.865338
3786	-2691.605	-3313.402	621.7969	1.829516	1.160677	0.4839536	2.944341
3792	-2686.452	-3307.995	621.5436	1.747829	1.244958	0.5119118	3.073448
3798	-2698.57	-3319.638	621.0676	1.787208	1.853063	0.5888382	3.000599
3804	-2689.577	-3309.362	619.785	1.641295	1.864173	0.8001308	3.673728
3810	-2674.571	-3293.808	619.2369	1.641295	2.049392	0.8863587	3.869484
3816	-2677.788	-3297.807	620.0183	1.641295	1.940127	0.7022842	3.581752
3822	-2679.213	-3298.473	619.26	1.593684	1.806218	0.8202603	4.010261
3828	-2675.732	-3295.407	619.6748	1.593684	1.706619	0.8202603	3.809583
3834	-2659.768	-3279.138	619.3698	1.505837	2.046978	0.5943123	4.082026
3840	-2672.086	-3292.474	620.3881	1.802946	2.240987	0.5714462	3.277657
3846	-2675.098	-3295.748	620.6508	1.820045	1.995062	0.6337944	3.140099
3852	-2711.508	-3331.509	620.0005	1.777949	2.069199	0.619211	3.53423
3858	-2691.852	-3311.456	619.6041	1.627546	1.679051	0.8458282	3.824484
3864	-2683.135	-3302.997	619.8621	1.641897	1.857333	0.7070511	3.697704
3870	-2687.159	-3308.006	620.847	1.773521	1.814984	0.6747978	3.082997
3876	-2679.13	-3299.933	620.8034	1.773521	1.789337	0.6489993	3.139491
3882	-2691.673	-3311.808	620.1352	1.78355	2.15816	0.6489993	3.398719
3888	-2690.283	-3311.252	620.9685	1.78355	1.712511	0.4620315	3.236478
3894	-2693.624	-3312.014	618.3899	1.538203	1.99015	0.9671918	4.38104
3900	-2688.982	-3307.948	618.9658	1.4856	1.790374	0.6309744	4.38104
3906	-2686.082	-3306.025	619.9434	1.63321	1.630079	0.8490117	3.6425
3912	-2686.691	-3307.261	620.5692	1.682444	1.700299	0.8297731	3.232461
3918	-2696.818	-3317.26	620.442	1.976011	1.978156	0.9063523	2.97864
3924	-2693.222	-3314.11	620.8876	1.941807	1.654038	0.7294841	2.97864
3930	-2686.652	-3307.448	620.7957	1.941807	1.847626	0.8715014	2.856719
3936	-2676.735	-3297.937	621.2021	1.841709	1.702623	0.69441	2.856719
3942	-2669.257	-3290.246	620.9897	1.877291	1.93898	0.69441	2.873317
3948	-2668.9	-3289.198	620.2986	1.859468	1.474984	0.8829116	3.345889
3954	-2671.827	-3291.808	619.981	1.708424	1.691602	0.8795832	3.532918
3960	-2683.025	-3303.3	620.2741	1.621367	1.605673	0.8795832	3.446873
3966	-2684.136	-3304.929	620.7937	1.816728	1.330255	0.6028843	3.35239
3972	-2685.94	-3306.659	620.7188	1.821083	1.800968	0.8687457	2.995443
3978	-2689.245	-3309.315	620.0698	1.825739	1.841503	0.8392711	3.382148
3984	-2705.668	-3326.581	620.9128	1.8816	1.643225	0.7567247	2.983687
3990	-2693.694	-3315.063	621.3697	1.805376	1.540238	0.5958329	2.927631
3996	-2681.97	-3302.796	620.8261	1.809894	1.670859	0.6106055	3.182694
4002	-2689.576	-3310.037	620.4613	1.871925	1.578927	0.731688	3.303045
4008	-2692.482	-3313.593	621.1111	1.840279	1.453418	0.6615793	3.044745
4014	-2704.644	-3325.59	620.9458	1.883518	1.281638	0.7929862	3.099126
4020	-2696.313	-3314.407	618.0935	1.364708	1.569368	0.5979205	5.046357
4026	-2687.038	-3306.241	619.2029	1.328153	1.674261	0.4653673	4.524351
4032	-2697.41	-3317.37	619.9601	1.447809	1.440966	0.5117648	4.078325
4038	-2678.423	-3296.872	618.4488	1.46009	1.374154	0.6556246	4.831375
4044	-2687.472	-3306.936	619.4649	1.454883	1.496752	0.6556246	4.210604
4050	-2697.308	-3316.795	619.487	1.454883	0.9773622	0.6126936	4.484221
4056	-2683.408	-3302.528	619.1201	1.454883	1.317308	0.6760228	4.468191
4062	-2678.065	-3298.227	620.1621	1.47586	1.317308	0.5202087	3.994538
4068	-2674.595	-3295.404	620.8097	1.63102	1.35688	0.5802238	3.458886
4074	-2691.917	-3313.326	621.4099	1.684887	1.290142	0.5901753	3.09608
4080	-2664.548	-3285.546	620.9985	1.687924	1.290142	0.5901753	3.33786
4086	-2665.724	-3286.998	621.2736	1.751342	1.478632	0.5803826	3.058461
4092	-2676.146	-3296.551	620.4055	1.719339	1.366715	0.6676197	3.566388
4098	-2701.471	-3321.912	620.4406	1.576195	1.431513	0.4875491	3.756388
4104	-2702.771	-3323.254	620.4825	1.626761	1.353845	0.7206839	3.540998
4110	-2703.996	-3324.408	620.4117	1.566765	1.204247	0.7342301	3.679044
4116	-2700.713	-3320.268	619.5547	1.602946	1.383178	0.7819593	4.032341
4122	-2693.625	-3313.822	620.1963	1.563713	1.566464	0.6052478	3.7416
4128	-2688.566	-3308.71	620.1438	1.575827	1.659891	0.6052478	3.727483
4134	-2694.707	-3314.174	619.4665	1.461795	1.440808	0.715711	4.184368
4140	-2699.252	-3318.1	618.8482	1.457979	1.6252	0.666236	4.497389
4146	-2694.271	-3313.851	619.5804	1.404413	1.008916	0.6470966	4.414976
4152	-2693.652	-3312.014	618.3618	1.404413	1.220397	0.5796575	5.041249
4158	-2688.168	-3307.364	619.1961	1.540196	1.430087	0.7395556	4.280768
4164	-2660.995	-3279.845	618.85	1.411658	1.351842	0.6385779	4.657164
4170	-2660.516	-3278.895	618.3795	1.358573	1.252564	0.8101399	4.873097
4176	-2673.984	-3291.584	617.6005	1.323999	1.201811	0.8101399	5.348117
4182	-2667.251	-3285.087	617.8361	1.493098	1.626512	0.8208408	4.93544
4188	-2678.705	-3298.318	619.6133	1.572212	1.090173	0.7633888	4.171784
4194	-2680.46	-3300.286	619.8256	1.636603	1.669655	0.7961017	3.728478
4200	-2672.399	-3292.295	619.8958	1.604494	1.701378	0.747144	3.728478
4206	-2679.779	-3299.131	619.3526	1.523306	1.291223	0.6661332	4.317908
4212	-2688.925	-3307.026	618.1013	1.523306	1.723331	0.8278268	4.729756
4218	-2688.925	-3308.549	619.624	1.454266	1.571531	0.8428604	3.957016
4224	-2696.636	-3316.15	619.5136	1.484023	1.356548	0.6215702	4.25397
4230	-2691.229	-3311.108	619.8794	1.576598	1.48797	0.799202	3.803891
4236	-2692.298	-3312.55	620.2527	1.759409	1.293952	0.799202	3.569667
4242	-2678.295	-3297.691	619.3965	1.352582	1.40348	0.710846	4.305662
4248	-2668.53	-3286.869	618.3389	1.433442	1.729214	0.6975779	4.734137
4254	-2658.172	-3276.853	618.6811	1.396133	1.638414	0.5279259	4.734137
4260	-2669.299	-3288.838	619.5387	1.389059	1.300817	0.5072438	4.41717
4266	-2675.432	-3294.916	619.4841	1.463464	1.389625	0.5080236	4.365271
4272	-2675.101	-3295.275	620.1737	1.554633	1.41043	0.5710557	3.855269
4278	-2675.943	-3296.037	620.0941	1.538927	1.41043	0.4731691	4.000005
4284	-2685.814	-3305.581	619.7676	1.581946	1.909866	0.6717914	3.794951
4290	-2686.963	-3305.449	618.4863	1.445806	1.618394	0.6672918	4.709048
4296	-2664.444	-3284.649	620.2049	1.484573	1.618394	0.59271	3.771801
4302	-2674.39	-3295.452	621.0623	1.656122	1.365903	0.5200049	3.346525
4308	-2671.39	-3292.819	621.4293	1.786702	1.365903	0.6221495	2.959249
4314	-2665.592	-3287.062	621.47	1.679447	1.496343	0.6221495	2.939501
4320	-2669.026	-3289.759	620.7333	1.670039	1.590381	0.566022	3.391392
4326	-2669.352	-3288.626	619.2745	1.575157	1.367207	0.6852792	4.283666
4332	-2677.924	-3297.432	619.508	1.42438	1.719171	0.5336697	4.216957
4338	-2668.434	-3288.194	619.76	1.656852	1.448753	0.6101587	3.98411
4344	-2675.762	-3296.049	620.2871	1.526634	1.327258	0.715251	3.728665
4350	-2668.794	-3288.156	619.3616	1.566139	1.573513	0.715251	4.129824
4356	-2674.22	-3294.128	619.9081	1.566139	1.320294	0.6295882	3.9929
4362	-2679.529	-3299.209	619.68	1.583981	1.69049	0.7621079	3.858123
4368	-2686.023	-3306.647	620.6245	1.669698	1.642507	0.7175814	3.31053
4374	-2666.952	-3287.455	620.5036	1.688758	1.444403	0.6756297	3.485859
4380	-2673.895	-3295.206	621.3112	1.66549	1.119388	0.6195968	3.229165
4386	-2681.107	-3301.803	620.6954	1.83621	1.418503	0.6853176	3.290909
4392	-2678.659	-3299.635	620.9754	1.799424	1.260143	0.6853176	3.222194
4398	-2689.411	-3308.841	619.4295	1.628928	1.563445	0.5757666	4.16922
4404	-2685.883	-3306.149	620.2664	1.687651	1.373301	0.8097958	3.559057
4410	-2682.703	-3302.932	620.2296	1.766653	1.575294	0.7757418	3.470329
4416	-2681.705	-3301.868	620.1638	1.796209	1.942212	0.6154751	3.474816
4422	-2682.721	-3303.251	620.5301	1.776853	2.024518	0.5828955	3.270442
4428	-2685.387	-3305.067	619.6802	1.713472	1.349438	0.8360209	3.87622
4434	-2673.998	-3294.16	620.1617	1.780749	1.624562	0.8360209	3.440333
4440	-2681.095	-3301.387	620.2924	1.615648	1.493173	0.6254853	3.669974
4446	-2695.243	-3314.744	619.5007	1.624728	1.943228	0.5718188	3.993297
4452	-2682.832	-3302.222	619.3898	1.576607	1.639632	0.7165448	4.080685
4458	-2671.714	-3292.525	620.8108	1.710666	1.639632	0.7165448	3.178163
4464	-2690.168	-3311.158	620.9901	1.842915	2.069858	0.791473	2.773833
4470	-2671.67	-3292.375	620.7046	1.733216	1.688664	0.6482907	3.261571
4476	-2681.336	-3301.958	620.6221	1.767261	1.618717	0.7209073	3.261571
4482	-2671.911	-3292.761	620.8491	1.777639	1.777406	0.669791	3.097564
4488	-2673.802	-3294.847	621.0446	1.663714	1.852155	0.5786932	3.097564
4494	-2671.817	-3292.112	620.2949	1.663714	1.517988	0.6669267	3.597
4500	-2670.111	-3291.078	620.9665	1.760644	1.219128	0.6046159	3.336696
4506	-2665.996	-3286.348	620.3513	1.696643	1.472345	0.5085568	3.700563
4512	-2659.947	-3280.326	620.3792	1.614269	1.796814	0.6089724	3.513245
4518	-2659.018	-3279.532	620.5141	1.667603	1.856345	0.5872332	3.399794
4524	-2663.481	-3283.911	620.4303	1.667603	1.353397	0.6506528	3.601567
4530	-2666.061	-3286.833	620.7724	1.593684	1.353397	0.52457	3.554093
4536	-2666.574	-3286.789	620.2151	1.577211	1.339375	0.52457	3.891975
4542	-2656.325	-3275.305	618.9806	1.513797	1.435498	0.7146972	4.432819
4548	-2644.527	-3263.451	618.9237	1.513797	1.557964	0.7922428	4.360102
4554	-2652.002	-3271.968	619.9653	1.594647	1.376474	0.6512982	3.900933
4560	-2650.241	-3271.047	620.8054	1.700271	2.239352	0.5684818	3.094203
4566	-2650.49	-3270.595	620.1046	1.608623	1.70989	0.4947441	3.810498
4572	-2658.405	-3278.652	620.247	1.578859	1.754732	0.4859049	3.737198
4578	-2658.374	-3277.815	619.4407	1.512538	1.344	0.833995	4.131681
4584	-2669.295	-3287.896	618.6015	1.507685	1.288049	0.7219127	4.709439
4590	-2670.426	-3287.94	617.5142	1.417715	1.440611	0.7607464	5.269785
4596	-2662.408	-3280.535	618.1262	1.425061	1.05186	0.8338643	5.062133
4602	-2671.924	-3291.54	619.6157	1.497316	1.222636	0.6971573	4.192958
4608	-2660.639	-3281.184	620.5452	1.633437	1.772246	0.5670889	3.450398
4614	-2667.105	-3287.46	620.3553	1.644552	1.226474	0.719416	3.666423
4620	-2672.897	-3293.345	620.4477	1.783158	1.529081	0.6884756	3.416805
4626	-2674.518	-3295.02	620.5017	1.766856	1.918621	0.6884756	3.243145
4632	-2668.082	-3289.15	621.0679	1.82337	1.725918	0.5504458	3.062207
4638	-2663.393	-3284.761	621.3677	1.82337	1.755299	0.5317519	2.888029
4644	-2664.735	-3286.333	621.5978	1.75848	1.343648	0.5183889	2.979675
4650	-2666.554	-3287.261	620.7078	1.78629	1.51168	0.677344	3.27818
4656	-2665.299	-3287.086	621.7877	1.875907	1.433167	0.6356351	2.643484
4662	-2649.303	-3270.509	621.2065	1.762616	1.433167	0.6917153	3.019233
4668	-2658.401	-3279.443	621.0422	1.762616	1.645399	0.5558971	3.140954
4674	-2670.284	-3290.098	619.8133	1.677157	2.538538	0.7859956	3.431541
4680	-2668.507	-3288.013	619.5062	1.610557	1.523752	0.7859956	3.992464
4686	-2673.395	-3292.088	618.6923	1.514207	1.807872	0.6837892	4.472278
4692	-2667.78	-3287.451	619.6716	1.537618	1.573517	0.7425277	3.949541
4698	-2652.103	-3271.011	618.9079	1.537618	2.116788	0.6346042	4.271074
4704	-2658.696	-3277.854	619.1585	1.588556	1.660866	0.6197912	4.271074
4710	-2661.289	-3280.317	619.0283	1.452311	1.677969	0.665768	4.379183
4716	-2669.605	-3289.073	619.468	1.42366	1.464225	0.5905431	4.292404
4722	-2669.503	-3287.962	618.4587	1.453137	1.514264	0.8016485	4.667134
4728	-2681.298	-3300.581	619.2829	1.496267	1.514264	0.8016485	4.178149
4734	-2681.114	-3301.316	620.2021	1.494355	1.250926	0.7164984	3.831618
4740	-2679.205	-3299.89	620.6852	1.719192	1.45247	0.6711548	3.361651
4746	-2673.559	-3294.368	620.8096	1.759091	1.437665	0.5445681	3.379022
4752	-2692.013	-3310.826	618.8137	1.350105	1.573492	0.6703893	4.59456
4758	-2667.68	-3287.053	619.3726	1.492544	1.32437	0.5494743	4.403806
4764	-2670.558	-3290.563	620.0055	1.496936	1.369605	0.6079329	3.971846
4770	-2654.824	-3274.691	619.8673	1.618914	1.902915	0.6079329	3.769757
4776	-2659.594	-3280.282	620.6878	1.696219	1.737303	0.5434966	3.364586
4782	-2658.416	-3279.74	621.3242	1.884328	1.737303	0.5598378	2.858172
4788	-2666.311	-3287.983	621.6724	1.790085	1.412783	0.6575338	2.757923
4794	-2679.228	-3300.871	621.6427	1.772762	2.086434	0.4096999	2.757923
4800	-2678.613	-3299.204	620.5918	1.774243	1.445139	0.6513351	3.403159
4806	-2681.935	-3303.17	621.2349	1.775651	1.497747	0.6513351	2.997928
4812	-2681.786	-3302.062	620.2755	1.774982	1.502027	0.5826146	3.61961
4818	-2685.803	-3307.456	621.6531	1.774982	1.505563	0.4591067	2.921913
4824	-2697.921	-3319.617	621.6959	1.866792	1.29188	0.4771337	2.921913
4830	-2705.987	-3326.666	620.679	1.756753	1.603647	0.4844752	3.443305
4836	-2713.68	-3334.728	621.0483	1.692534	1.4029	0.5481434	3.290194
4842	-2694.122	-3315.067	620.9449	1.626921	1.806501	0.5389448	3.231772
4848	-2690.877	-3310.303	619.4263	1.501248	2.44587	0.5857028	3.937407
4854	-2687.67	-3307.764	620.0942	1.599713	1.78219	0.5536906	3.740102
4860	-2675.085	-3295.234	620.149	1.633899	1.465873	0.6427077	3.740102
4866	-2683.206	-3303.124	619.9182	1.670849	1.593198	0.578564	3.851745
4872	-2687.916	-3306.451	618.5349	1.500532	2.049077	0.5698129	4.576942
4878	-2689.131	-3307.186	618.0552	1.392218	1.447567	0.6307222	5.075762
4884	-2691.063	-3312.905	621.842	1.751941	1.352619	0.5807481	2.773088
4890	-2683.655	-3303.605	619.9495	1.602171	1.666469	0.4578996	3.956112
4896	-2687.382	-3308.394	621.0122	1.629809	1.666469	0.6057573	3.185029
4902	-2681.749	-3302.241	620.4921	1.67067	1.524763	0.6250497	3.508937
4908	-2681.17	-3301.016	619.8459	1.671931	1.509735	0.5378383	3.962565
4914	-2692.819	-3312.613	619.7947	1.578354	1.752118	0.5378383	3.949865
4920	-2696.345	-3316.676	620.3317	1.66331	1.53492	0.5554822	3.661626
4926	-2687.503	-3308.327	620.8237	1.726554	1.351932	0.7807488	3.23963
4932	-2690.423	-3311.702	621.2795	1.709169	1.607952	0.5293052	3.071504
4938	-2695.131	-3314.235	619.1046	1.44907	1.600038	0.5562673	4.456889
4944	-2696.613	-3315.156	618.5429	1.410669	1.544295	0.6336906	4.752038
4950	-2696.749	-3315.655	618.9062	1.449424	1.514172	0.6100299	4.55779
4956	-2691.298	-3309.543	618.2447	1.426515	2.053469	0.4854981	4.854386
4962	-2684.589	-3303.746	619.1575	1.38838	1.74533	0.6303607	4.344627
4968	-2665.803	-3283.996	618.1931	1.426534	2.036044	0.6303607	4.764634
4974	-2662.49	-3282.315	619.8254	1.721166	1.670488	0.6303607	3.802499
4980	-2670.594	-3290.657	620.0637	1.617202	1.329943	0.7172963	3.802499
4986	-2656.468	-3276.155	619.6871	1.542463	1.435869	0.6682079	4.050543
4992	-2669.675	-3288.269	618.5939	1.508205	1.362585	0.7794241	4.639863
4998	-2672.296	-3291.175	618.8795	1.498025	1.518358	0.9163563	4.331196
5004	-2677.01	-3295.713	618.7036	1.498025	2.084958	0.7532132	4.331196
5010	-2677.238	-3295.585	618.3468	1.443903	1.41156	0.9030618	4.714011
5016	-2660.706	-3279.104	618.3972	1.442904	1.611346	0.7845515	4.680049
5022	-2682.078	-3300.832	618.7538	1.518422	1.724276	0.8453406	4.354325
5028	-2667.495	-3286.975	619.4797	1.588069	1.536151	0.5416687	4.204629
5034	-2663.415	-3282.629	619.2138	1.498338	1.683743	0.5662799	4.326498
5040	-2692.054	-3311.476	619.4224	1.537601	1.809333	0.5434586	4.159456
5046	-2698.319	-3318.028	619.7091	1.498729	1.777654	0.5585588	4.016513
5052	-2672.359	-3291.976	619.6173	1.665499	1.981697	0.6406277	3.833023
5058	-2674.016	-3294.725	620.7082	1.855335	1.195127	0.7517426	3.329693
5064	-2676.713	-3297.435	620.7223	1.697105	1.321475	0.5352553	3.528074
5070	-2658.864	-3279.382	620.5181	1.660047	1.899063	0.6643704	3.322433
5076	-2642.134	-3262.384	620.2493	1.683406	1.803821	0.7758371	3.41787
5082	-2655.469	-3275.458	619.9884	1.698615	1.970063	0.6937991	3.561831
5088	-2660.807	-3281.362	620.5546	1.593986	1.485088	0.591995	3.561831
5094	-2674.788	-3295.395	620.6071	1.586468	1.348738	0.4233957	3.756965
5100	-2667.024	-3286.342	619.3178	1.662771	1.696575	0.4665264	4.261154
5106	-2654.479	-3274.295	619.8165	1.565315	1.696575	0.581421	3.927651
5112	-2672.936	-3294.217	621.2816	1.755769	1.378738	0.6892745	3.005465
5118	-2675.399	-3296.507	621.1075	1.755769	1.189765	0.6892745	3.202499
5124	-2653.672	-3274.082	620.4097	1.707344	1.66061	0.8302799	3.327245
5130	-2650.483	-3269.081	618.5982	1.444243	1.54934	0.6592242	4.680627
5136	-2640.859	-3260.437	619.5782	1.506666	1.516109	0.6592242	4.105916
5142	-2666.31	-3285.757	619.4471	1.506666	1.421639	0.6613089	4.218859
5148	-2678.126	-3298.256	620.1295	1.532403	1.474138	0.5324852	3.899886
5154	-2662.947	-3283.442	620.494	1.702226	1.846097	0.5953559	3.387987
5160	-2669.425	-3289.413	619.9888	1.648718	1.674815	0.7492702	3.657859
5166	-2668.404	-3288.234	619.8301	1.715953	1.680453	0.7032194	3.7423
5172	-2665.257	-3286.239	620.9816	1.770235	1.612178	0.7032194	3.062467
5178	-2673.868	-3294.475	620.6067	1.754655	1.95127	0.7301322	3.144628
5184	-2677.34	-3297.911	620.5714	1.697567	1.481923	0.7099123	3.39833
5190	-2674.344	-3294.823	620.4784	1.668318	1.481923	0.6591937	3.509055
5196	-2687.457	-3306.57	619.1134	1.500775	1.481923	0.9245515	4.207362
5202	-2684.01	-3304.424	620.4135	1.671284	1.793494	0.5800938	3.48584
5208	-2681.886	-3302.119	620.2325	1.734073	1.791936	0.7045965	3.454574
5214	-2673.05	-3293.949	620.8993	1.731797	1.740154	0.6342715	3.13838
5220	-2671.871	-3293.559	621.6879	1.731797	1.089955	0.5993204	2.998889
5226	-2657.154	-3278.267	621.113	1.761882	1.428876	0.5993204	3.153537
5232	-2669.32	-3288.776	619.4561	1.610353	1.569555	0.7475304	4.029193
5238	-2667.124	-3286.7	619.5761	1.585322	1.694671	0.5662647	4.0673
5244	-2658.74	-3278.952	620.2122	1.545268	1.489225	0.579853	3.796771
5250	-2664.091	-3283.81	619.7199	1.543411	1.61128	0.579853	4.029931
5256	-2662.32	-3282.81	620.49	1.518668	1.287703	0.579853	3.742574
5262	-2674.548	-3294.152	619.6046	1.611617	1.287703	0.7379496	4.073405
5268	-2672.017	-3290.716	618.6992	1.554916	1.710402	0.8552007	4.363447
5274	-2673.676	-3293.647	619.9702	1.539812	1.496116	0.6064092	3.913676
5280	-2690.985	-3309.233	618.2473	1.548111	1.782204	0.8303254	4.611085
5286	-2694.239	-3314.208	619.9693	1.648115	1.782204	0.6247044	3.723805
5292	-2691.942	-3312.07	620.1286	1.683852	1.359729	0.8115192	3.646337
5298	-2684.598	-3304.884	620.2857	1.690023	1.717576	0.6137332	3.549523
5304	-2689.485	-3309.504	620.0198	1.745483	1.981442	0.6766952	3.525497
5310	-2705.279	-3325.371	620.0919	1.817488	1.735445	0.6968104	3.515237
5316	-2684.21	-3304.937	620.727	1.788877	1.493227	0.6369203	3.305736
5322	-2691.945	-3313.342	621.3969	1.818105	1.643862	0.5986433	2.857088
5328	-2684.5	-3305.509	621.0091	1.841362	1.997643	0.68523	2.869541
5334	-2679.85	-3300.46	620.6098	1.600797	1.236415	0.6044309	3.629824
5340	-2679.3	-3300.528	621.2283	1.694329	1.119852	0.594737	3.282006
5346	-2675.396	-3296.173	620.7772	1.650708	1.085756	0.6347994	3.556785
5352	-2686.945	-3307.263	620.3176	1.655383	1.487888	0.725784	3.556785
5358	-2688.085	-3308.625	620.54	1.605246	1.109058	0.6045233	3.732924
5364	-2683.527	-3303.494	619.9662	1.674563	1.395241	0.6855942	3.819577
5370	-2674.05	-3294.265	620.2156	1.629854	1.210807	0.7473092	3.743183
5376	-2674.3	-3293.923	619.6228	1.652819	1.604776	0.7024131	3.928186
5382	-2667.356	-3287.413	620.0565	1.517498	1.208144	0.5978937	4.015496
5388	-2681.803	-3300.41	618.607	1.656916	1.417384	0.8205182	4.497861
5394	-2688.957	-3308.957	620.0003	1.541709	1.214121	0.7679057	3.901568
5400	-2691.212	-3312.032	620.8205	1.610496	1.204189	0.527672	3.585518
5406	-2713.985	-3335.233	621.248	1.611394	1.340966	0.6615275	3.151661
5412	-2718.403	-3339.808	621.405	1.793704	1.889818	0.5224852	2.840936
5418	-2701.856	-3323.572	621.7166	1.866076	1.224144	0.5846876	2.840936
5424	-2693.335	-3314.944	621.6098	1.825252	1.224144	0.5253824	2.985085
5430	-2712.277	-3332.102	619.8243	1.51195	1.066804	0.5734551	4.24431
5436	-2720.155	-3339.059	618.9039	1.391927	1.131775	0.6931121	4.70163
5442	-2683.857	-3304.199	620.3419	1.650519	1.262383	0.4817533	3.853818
5448	-2688.489	-3307.494	619.0049	1.554596	1.147263	0.6265963	4.596684
5454	-2674.382	-3295.359	620.9763	1.613667	1.305877	0.5973563	3.380719
5460	-2677.406	-3297.644	620.2374	1.544768	1.305877	0.6012707	3.846283
5466	-2680.954	-3299.774	618.8196	1.468261	1.39402	0.6677064	4.601562
5472	-2680.862	-3298.893	618.0313	1.443063	1.39402	0.6604002	5.060803
5478	-2668.149	-3287.343	619.1938	1.458344	1.420794	0.7354285	4.335282
5484	-2678.151	-3297.177	619.0253	1.47206	1.708655	0.8306787	4.242201
5490	-2677.21	-3296.772	619.5617	1.57223	1.285928	0.5814303	4.242201
5496	-2669.782	-3290.148	620.3663	1.682774	1.772001	0.7227347	3.40016
5502	-2673.083	-3293.611	620.5287	1.807512	1.860223	0.6259725	3.274598
5508	-2675.084	-3295.726	620.6417	1.833578	1.529488	0.6404046	3.311239
5514	-2678.933	-3299.604	620.671	1.792499	1.558138	0.5380815	3.394757
5520	-2678.594	-3299.016	620.4216	1.664599	1.293887	0.6721641	3.619396
5526	-2665.684	-3286.967	621.2836	1.700507	1.259663	0.5474593	3.215217
5532	-2661.302	-3282.291	620.9892	1.609245	1.371029	0.628304	3.319019
5538	-2661.098	-3281.786	620.6884	1.725795	1.472252	0.7018314	3.32338
5544	-2665.734	-3286.207	620.4728	1.595185	1.323303	0.7018314	3.593289
5550	-2671.906	-3290.639	618.7331	1.439315	2.067838	0.6955597	4.394555
5556	-2687.664	-3303.709	616.0449	1.233437	1.497576	0.6394087	6.238726
5562	-2670.953	-3289.488	618.5347	1.407371	1.497576	0.534752	4.859348
5568	-2678.601	-3296.667	618.0666	1.342746	1.521459	0.6921046	5.020337
5574	-2677.244	-3296.7	619.4561	1.396982	1.591008	0.61551	4.241788
5580	-2681.967	-3302.937	620.97	1.731643	1.989495	0.546366	3.081253
5586	-2670.161	-3290.769	620.6082	1.746262	2.400468	0.585034	3.119448
5592	-2669.518	-3290.218	620.7	1.656899	2.369459	0.4494704	3.257613
5598	-2669.897	-3290.203	620.3068	1.656899	1.83411	0.4494704	3.664674
5604	-2675.31	-3295.051	619.7408	1.700389	1.612412	0.7628901	3.786219
5610	-2681.975	-3302.263	620.2872	1.657099	1.66422	0.6606412	3.550602
5616	-2695.091	-3314.251	619.16	1.639464	1.455588	0.7951976	4.195605
5622	-2686.012	-3306.246	620.2338	1.69128	1.243089	0.6826038	3.72915
5628	-2678.515	-3299.277	620.7624	1.728385	0.9278898	0.5849943	3.653124
5634	-2684.407	-3304.611	620.2041	1.680954	1.289852	0.6741941	3.73615
5640	-2674.054	-3293.989	619.9353	1.736704	1.774287	0.7269604	3.616081
5646	-2668.961	-3289.531	620.5695	1.811732	1.555011	0.8020822	3.23413
5652	-2668.858	-3289.365	620.5077	1.733454	1.713958	0.6662722	3.35308
5658	-2688.106	-3307.968	619.8621	1.702105	1.713958	0.6662722	3.747106
5664	-2678.27	-3297.979	619.7094	1.774255	1.391398	0.9282829	3.747106
5670	-2679.945	-3298.908	618.9628	1.743177	2.103253	0.9793259	3.894455
5676	-2669.615	-3289.918	620.3022	1.68864	1.61391	0.695534	3.5165
5682	-2678.142	-3298.623	620.4806	1.788782	2.389417	0.7101545	3.070688
5688	-2668.964	-3289.275	620.3118	1.659181	1.536802	0.8326511	3.462051
5694	-2664.353	-3283.001	618.6487	1.54585	1.51031	0.8510982	4.478086
5700	-2668.415	-3288.402	619.9872	1.455961	1.410283	0.5695928	4.019946
5706	-2665.399	-3284.992	619.5927	1.577707	1.529827	0.7008169	4.019946
5712	-2676.429	-3295.793	619.3634	1.675005	1.571147	0.7828614	4.019946
5718	-2684.706	-3305.158	620.4517	1.821412	1.571147	0.9508714	3.193988
5724	-2676.266	-3294.832	618.5657	1.569085	1.637532	0.76611	4.517078
